{"C:\\Users\\Admin\\Searches\\Desktop\\前端学习\\Vue.js\\project5-json-schema-form\\vue3-json-schema-form\\src\\lib\\SchemaForm.tsx": {"path":"C:\\Users\\Admin\\Searches\\Desktop\\前端学习\\Vue.js\\project5-json-schema-form\\vue3-json-schema-form\\src\\lib\\SchemaForm.tsx","statementMap":{"0":{"start":{"line":1,"column":0},"end":{"line":1,"column":null}},"1":{"start":{"line":20,"column":0},"end":{"line":20,"column":null}},"2":{"start":{"line":21,"column":0},"end":{"line":21,"column":null}},"3":{"start":{"line":22,"column":0},"end":{"line":22,"column":null}},"4":{"start":{"line":24,"column":0},"end":{"line":24,"column":null}},"5":{"start":{"line":26,"column":0},"end":{"line":219,"column":null}},"6":{"start":{"line":70,"column":26},"end":{"line":72,"column":5}},"7":{"start":{"line":71,"column":6},"end":{"line":71,"column":null}},"8":{"start":{"line":75,"column":25},"end":{"line":87,"column":6}},"9":{"start":{"line":77,"column":30},"end":{"line":79,"column":33}},"10":{"start":{"line":80,"column":8},"end":{"line":83,"column":null}},"11":{"start":{"line":81,"column":10},"end":{"line":81,"column":null}},"12":{"start":{"line":82,"column":10},"end":{"line":82,"column":null}},"13":{"start":{"line":85,"column":8},"end":{"line":85,"column":null}},"14":{"start":{"line":109,"column":25},"end":{"line":113,"column":null}},"15":{"start":{"line":114,"column":4},"end":{"line":114,"column":null}},"16":{"start":{"line":117,"column":27},"end":{"line":117,"column":46}},"17":{"start":{"line":118,"column":35},"end":{"line":118,"column":54}},"18":{"start":{"line":119,"column":45},"end":{"line":119,"column":59}},"19":{"start":{"line":121,"column":4},"end":{"line":146,"column":null}},"20":{"start":{"line":122,"column":6},"end":{"line":125,"column":null}},"21":{"start":{"line":129,"column":30},"end":{"line":131,"column":33}},"22":{"start":{"line":133,"column":8},"end":{"line":135,"column":null}},"23":{"start":{"line":134,"column":10},"end":{"line":134,"column":null}},"24":{"start":{"line":139,"column":31},"end":{"line":141,"column":33}},"25":{"start":{"line":142,"column":8},"end":{"line":144,"column":null}},"26":{"start":{"line":143,"column":10},"end":{"line":143,"column":null}},"27":{"start":{"line":148,"column":31},"end":{"line":148,"column":36}},"28":{"start":{"line":149,"column":26},"end":{"line":149,"column":32}},"29":{"start":{"line":152,"column":6},"end":{"line":152,"column":null}},"30":{"start":{"line":153,"column":21},"end":{"line":153,"column":46}},"31":{"start":{"line":154,"column":18},"end":{"line":159,"column":null}},"32":{"start":{"line":161,"column":6},"end":{"line":161,"column":null}},"33":{"start":{"line":161,"column":41},"end":{"line":161,"column":null}},"34":{"start":{"line":162,"column":6},"end":{"line":162,"column":null}},"35":{"start":{"line":164,"column":6},"end":{"line":164,"column":null}},"36":{"start":{"line":166,"column":6},"end":{"line":166,"column":null}},"37":{"start":{"line":167,"column":6},"end":{"line":167,"column":null}},"38":{"start":{"line":170,"column":4},"end":{"line":189,"column":null}},"39":{"start":{"line":172,"column":8},"end":{"line":172,"column":null}},"40":{"start":{"line":176,"column":10},"end":{"line":183,"column":null}},"41":{"start":{"line":178,"column":14},"end":{"line":181,"column":null}},"42":{"start":{"line":179,"column":16},"end":{"line":179,"column":null}},"43":{"start":{"line":180,"column":16},"end":{"line":180,"column":null}},"44":{"start":{"line":191,"column":4},"end":{"line":199,"column":null}},"45":{"start":{"line":192,"column":12},"end":{"line":192,"column":23}},"46":{"start":{"line":195,"column":10},"end":{"line":195,"column":null}},"47":{"start":{"line":201,"column":4},"end":{"line":217,"column":null}},"48":{"start":{"line":202,"column":69},"end":{"line":202,"column":74}},"49":{"start":{"line":203,"column":26},"end":{"line":203,"column":46}},"50":{"start":{"line":205,"column":6},"end":{"line":214,"column":null}}},"fnMap":{"0":{"name":"(anonymous_1)","decl":{"start":{"line":69,"column":2},"end":{"line":69,"column":7}},"loc":{"start":{"line":69,"column":13},"end":{"line":218,"column":null}}},"1":{"name":"(anonymous_2)","decl":{"start":{"line":70,"column":26},"end":{"line":70,"column":32}},"loc":{"start":{"line":70,"column":36},"end":{"line":72,"column":5}}},"2":{"name":"(anonymous_3)","decl":{"start":{"line":75,"column":34},"end":{"line":75,"column":39}},"loc":{"start":{"line":75,"column":39},"end":{"line":87,"column":5}}},"3":{"name":"(anonymous_4)","decl":{"start":{"line":80,"column":36},"end":{"line":80,"column":37}},"loc":{"start":{"line":80,"column":55},"end":{"line":83,"column":9}}},"4":{"name":"(anonymous_5)","decl":{"start":{"line":121,"column":16},"end":{"line":121,"column":21}},"loc":{"start":{"line":121,"column":21},"end":{"line":146,"column":5}}},"5":{"name":"(anonymous_6)","decl":{"start":{"line":133,"column":31},"end":{"line":133,"column":37}},"loc":{"start":{"line":133,"column":41},"end":{"line":135,"column":9}}},"6":{"name":"(anonymous_7)","decl":{"start":{"line":142,"column":32},"end":{"line":142,"column":39}},"loc":{"start":{"line":142,"column":43},"end":{"line":144,"column":9}}},"7":{"name":"newValidate","decl":{"start":{"line":151,"column":19},"end":{"line":151,"column":30}},"loc":{"start":{"line":151,"column":30},"end":{"line":168,"column":null}}},"8":{"name":"(anonymous_9)","decl":{"start":{"line":171,"column":6},"end":{"line":171,"column":11}},"loc":{"start":{"line":171,"column":11},"end":{"line":173,"column":7}}},"9":{"name":"(anonymous_10)","decl":{"start":{"line":174,"column":6},"end":{"line":174,"column":11}},"loc":{"start":{"line":174,"column":11},"end":{"line":185,"column":7}}},"10":{"name":"(anonymous_11)","decl":{"start":{"line":177,"column":12},"end":{"line":177,"column":22}},"loc":{"start":{"line":177,"column":22},"end":{"line":182,"column":null}}},"11":{"name":"(anonymous_12)","decl":{"start":{"line":178,"column":34},"end":{"line":178,"column":41}},"loc":{"start":{"line":178,"column":45},"end":{"line":181,"column":15}}},"12":{"name":"(anonymous_13)","decl":{"start":{"line":192,"column":6},"end":{"line":192,"column":12}},"loc":{"start":{"line":192,"column":12},"end":{"line":192,"column":23}}},"13":{"name":"(anonymous_14)","decl":{"start":{"line":193,"column":6},"end":{"line":193,"column":11}},"loc":{"start":{"line":193,"column":11},"end":{"line":197,"column":7}}},"14":{"name":"(anonymous_15)","decl":{"start":{"line":201,"column":11},"end":{"line":201,"column":16}},"loc":{"start":{"line":201,"column":16},"end":{"line":217,"column":5}}}},"branchMap":{"0":{"loc":{"start":{"line":77,"column":30},"end":{"line":79,"column":33}},"type":"cond-expr","locations":[{"start":{"line":78,"column":12},"end":{"line":78,"column":31}},{"start":{"line":79,"column":12},"end":{"line":79,"column":33}}]},"1":{"loc":{"start":{"line":129,"column":30},"end":{"line":131,"column":33}},"type":"cond-expr","locations":[{"start":{"line":130,"column":12},"end":{"line":130,"column":31}},{"start":{"line":131,"column":12},"end":{"line":131,"column":33}}]},"2":{"loc":{"start":{"line":139,"column":31},"end":{"line":141,"column":33}},"type":"cond-expr","locations":[{"start":{"line":140,"column":12},"end":{"line":140,"column":31}},{"start":{"line":141,"column":12},"end":{"line":141,"column":33}}]},"3":{"loc":{"start":{"line":161,"column":6},"end":{"line":161,"column":null}},"type":"if","locations":[{"start":{"line":161,"column":6},"end":{"line":161,"column":null}}]},"4":{"loc":{"start":{"line":212,"column":20},"end":{"line":212,"column":34}},"type":"binary-expr","locations":[{"start":{"line":212,"column":20},"end":{"line":212,"column":28}},{"start":{"line":212,"column":32},"end":{"line":212,"column":34}}]}},"s":{"0":4,"1":4,"2":4,"3":4,"4":4,"5":4,"6":12,"7":3,"8":12,"9":0,"10":0,"11":0,"12":0,"13":0,"14":12,"15":12,"16":12,"17":12,"18":12,"19":12,"20":12,"21":0,"22":0,"23":0,"24":0,"25":0,"26":0,"27":12,"28":12,"29":0,"30":0,"31":0,"32":0,"33":0,"34":0,"35":0,"36":0,"37":0,"38":12,"39":12,"40":12,"41":0,"42":0,"43":0,"44":12,"45":15,"46":0,"47":12,"48":13,"49":13,"50":13},"f":{"0":12,"1":3,"2":0,"3":0,"4":12,"5":0,"6":0,"7":0,"8":12,"9":12,"10":0,"11":0,"12":15,"13":3,"14":13},"b":{"0":[0,0],"1":[0,0],"2":[0,0],"3":[0],"4":[13,13]}}
,"C:\\Users\\Admin\\Searches\\Desktop\\前端学习\\Vue.js\\project5-json-schema-form\\vue3-json-schema-form\\src\\lib\\SchemaItem.tsx": {"path":"C:\\Users\\Admin\\Searches\\Desktop\\前端学习\\Vue.js\\project5-json-schema-form\\vue3-json-schema-form\\src\\lib\\SchemaItem.tsx","statementMap":{"0":{"start":{"line":1,"column":0},"end":{"line":1,"column":null}},"1":{"start":{"line":3,"column":0},"end":{"line":3,"column":null}},"2":{"start":{"line":5,"column":0},"end":{"line":5,"column":null}},"3":{"start":{"line":6,"column":0},"end":{"line":6,"column":null}},"4":{"start":{"line":7,"column":0},"end":{"line":7,"column":null}},"5":{"start":{"line":8,"column":0},"end":{"line":8,"column":null}},"6":{"start":{"line":9,"column":0},"end":{"line":9,"column":null}},"7":{"start":{"line":10,"column":0},"end":{"line":10,"column":null}},"8":{"start":{"line":11,"column":0},"end":{"line":11,"column":null}},"9":{"start":{"line":14,"column":0},"end":{"line":14,"column":null}},"10":{"start":{"line":15,"column":0},"end":{"line":15,"column":null}},"11":{"start":{"line":17,"column":18},"end":{"line":21,"column":2}},"12":{"start":{"line":22,"column":0},"end":{"line":114,"column":null}},"13":{"start":{"line":28,"column":31},"end":{"line":37,"column":6}},"14":{"start":{"line":29,"column":44},"end":{"line":29,"column":49}},"15":{"start":{"line":34,"column":6},"end":{"line":34,"column":null}},"16":{"start":{"line":36,"column":6},"end":{"line":36,"column":null}},"17":{"start":{"line":38,"column":26},"end":{"line":40,"column":5}},"18":{"start":{"line":39,"column":6},"end":{"line":39,"column":null}},"19":{"start":{"line":44,"column":24},"end":{"line":50,"column":6}},"20":{"start":{"line":45,"column":6},"end":{"line":49,"column":null}},"21":{"start":{"line":51,"column":23},"end":{"line":51,"column":34}},"22":{"start":{"line":52,"column":4},"end":{"line":112,"column":null}},"23":{"start":{"line":53,"column":22},"end":{"line":53,"column":38}},"24":{"start":{"line":54,"column":23},"end":{"line":54,"column":40}},"25":{"start":{"line":63,"column":10},"end":{"line":63,"column":15}},"26":{"start":{"line":64,"column":30},"end":{"line":64,"column":54}},"27":{"start":{"line":65,"column":6},"end":{"line":65,"column":null}},"28":{"start":{"line":67,"column":19},"end":{"line":67,"column":39}},"29":{"start":{"line":71,"column":8},"end":{"line":71,"column":null}},"30":{"start":{"line":72,"column":8},"end":{"line":72,"column":null}},"31":{"start":{"line":74,"column":8},"end":{"line":94,"column":null}},"32":{"start":{"line":76,"column":12},"end":{"line":76,"column":null}},"33":{"start":{"line":77,"column":12},"end":{"line":77,"column":null}},"34":{"start":{"line":79,"column":12},"end":{"line":79,"column":null}},"35":{"start":{"line":80,"column":12},"end":{"line":80,"column":null}},"36":{"start":{"line":82,"column":12},"end":{"line":82,"column":null}},"37":{"start":{"line":83,"column":12},"end":{"line":83,"column":null}},"38":{"start":{"line":85,"column":12},"end":{"line":85,"column":null}},"39":{"start":{"line":86,"column":12},"end":{"line":86,"column":null}},"40":{"start":{"line":88,"column":12},"end":{"line":88,"column":null}},"41":{"start":{"line":89,"column":12},"end":{"line":89,"column":null}},"42":{"start":{"line":91,"column":12},"end":{"line":91,"column":null}},"43":{"start":{"line":92,"column":12},"end":{"line":92,"column":null}},"44":{"start":{"line":94,"column":12},"end":{"line":94,"column":null}},"45":{"start":{"line":98,"column":6},"end":{"line":109,"column":null}}},"fnMap":{"0":{"name":"(anonymous_1)","decl":{"start":{"line":26,"column":2},"end":{"line":26,"column":7}},"loc":{"start":{"line":26,"column":13},"end":{"line":113,"column":null}}},"1":{"name":"(anonymous_2)","decl":{"start":{"line":28,"column":40},"end":{"line":28,"column":45}},"loc":{"start":{"line":28,"column":45},"end":{"line":37,"column":5}}},"2":{"name":"(anonymous_3)","decl":{"start":{"line":38,"column":26},"end":{"line":38,"column":32}},"loc":{"start":{"line":38,"column":36},"end":{"line":40,"column":5}}},"3":{"name":"(anonymous_4)","decl":{"start":{"line":44,"column":33},"end":{"line":44,"column":38}},"loc":{"start":{"line":44,"column":38},"end":{"line":50,"column":5}}},"4":{"name":"(anonymous_5)","decl":{"start":{"line":52,"column":11},"end":{"line":52,"column":16}},"loc":{"start":{"line":52,"column":16},"end":{"line":112,"column":5}}}},"branchMap":{"0":{"loc":{"start":{"line":70,"column":10},"end":{"line":70,"column":56}},"type":"binary-expr","locations":[{"start":{"line":70,"column":10},"end":{"line":70,"column":31}},{"start":{"line":70,"column":35},"end":{"line":70,"column":56}}]},"1":{"loc":{"start":{"line":72,"column":18},"end":{"line":72,"column":77}},"type":"binary-expr","locations":[{"start":{"line":72,"column":18},"end":{"line":72,"column":39}},{"start":{"line":72,"column":43},"end":{"line":72,"column":64}},{"start":{"line":72,"column":68},"end":{"line":72,"column":77}}]},"2":{"loc":{"start":{"line":74,"column":8},"end":{"line":94,"column":null}},"type":"switch","locations":[{"start":{"line":75,"column":10},"end":{"line":77,"column":null}},{"start":{"line":78,"column":10},"end":{"line":80,"column":null}},{"start":{"line":81,"column":10},"end":{"line":83,"column":null}},{"start":{"line":84,"column":10},"end":{"line":86,"column":null}},{"start":{"line":87,"column":10},"end":{"line":89,"column":null}},{"start":{"line":90,"column":10},"end":{"line":92,"column":null}},{"start":{"line":93,"column":10},"end":{"line":94,"column":null}}]},"3":{"loc":{"start":{"line":100,"column":17},"end":{"line":100,"column":47}},"type":"cond-expr","locations":[{"start":{"line":100,"column":28},"end":{"line":100,"column":42}},{"start":{"line":100,"column":45},"end":{"line":100,"column":47}}]},"4":{"loc":{"start":{"line":105,"column":20},"end":{"line":105,"column":34}},"type":"binary-expr","locations":[{"start":{"line":105,"column":20},"end":{"line":105,"column":28}},{"start":{"line":105,"column":32},"end":{"line":105,"column":34}}]},"5":{"loc":{"start":{"line":106,"column":23},"end":{"line":106,"column":40}},"type":"binary-expr","locations":[{"start":{"line":106,"column":23},"end":{"line":106,"column":34}},{"start":{"line":106,"column":38},"end":{"line":106,"column":40}}]}},"s":{"0":4,"1":4,"2":4,"3":4,"4":4,"5":4,"6":4,"7":4,"8":4,"9":4,"10":4,"11":4,"12":4,"13":37,"14":43,"15":43,"16":43,"17":37,"18":5,"19":37,"20":47,"21":37,"22":37,"23":47,"24":47,"25":47,"26":47,"27":47,"28":47,"29":2,"30":2,"31":45,"32":12,"33":12,"34":13,"35":13,"36":8,"37":8,"38":6,"39":6,"40":3,"41":3,"42":3,"43":3,"44":0,"45":47},"f":{"0":37,"1":43,"2":5,"3":47,"4":47},"b":{"0":[47,45],"1":[2,0,0],"2":[12,13,8,6,3,3,0],"3":[0,47],"4":[47,0],"5":[47,0]}}
,"C:\\Users\\Admin\\Searches\\Desktop\\前端学习\\Vue.js\\project5-json-schema-form\\vue3-json-schema-form\\src\\lib\\context.ts": {"path":"C:\\Users\\Admin\\Searches\\Desktop\\前端学习\\Vue.js\\project5-json-schema-form\\vue3-json-schema-form\\src\\lib\\context.ts","statementMap":{"0":{"start":{"line":1,"column":0},"end":{"line":1,"column":null}},"1":{"start":{"line":4,"column":13},"end":{"line":4,"column":null}},"2":{"start":{"line":14,"column":18},"end":{"line":14,"column":46}},"3":{"start":{"line":16,"column":4},"end":{"line":16,"column":null}},"4":{"start":{"line":19,"column":2},"end":{"line":19,"column":null}},"5":{"start":{"line":6,"column":0},"end":{"line":6,"column":16}}},"fnMap":{"0":{"name":"useVJSFContext","decl":{"start":{"line":6,"column":16},"end":{"line":6,"column":30}},"loc":{"start":{"line":6,"column":30},"end":{"line":20,"column":null}}}},"branchMap":{},"s":{"0":4,"1":4,"2":66,"3":0,"4":66,"5":4},"f":{"0":66},"b":{}}
,"C:\\Users\\Admin\\Searches\\Desktop\\前端学习\\Vue.js\\project5-json-schema-form\\vue3-json-schema-form\\src\\lib\\index.ts": {"path":"C:\\Users\\Admin\\Searches\\Desktop\\前端学习\\Vue.js\\project5-json-schema-form\\vue3-json-schema-form\\src\\lib\\index.ts","statementMap":{"0":{"start":{"line":1,"column":0},"end":{"line":1,"column":null}},"1":{"start":{"line":2,"column":0},"end":{"line":2,"column":7}},"2":{"start":{"line":15,"column":2},"end":{"line":2,"column":null}},"3":{"start":{"line":3,"column":0},"end":{"line":3,"column":7}},"4":{"start":{"line":16,"column":2},"end":{"line":3,"column":null}},"5":{"start":{"line":4,"column":0},"end":{"line":4,"column":7}},"6":{"start":{"line":17,"column":2},"end":{"line":4,"column":null}},"7":{"start":{"line":5,"column":0},"end":{"line":5,"column":7}},"8":{"start":{"line":18,"column":2},"end":{"line":5,"column":null}},"9":{"start":{"line":6,"column":0},"end":{"line":6,"column":7}},"10":{"start":{"line":19,"column":2},"end":{"line":6,"column":null}},"11":{"start":{"line":7,"column":0},"end":{"line":7,"column":7}},"12":{"start":{"line":20,"column":2},"end":{"line":7,"column":null}},"13":{"start":{"line":8,"column":0},"end":{"line":8,"column":7}},"14":{"start":{"line":21,"column":2},"end":{"line":8,"column":null}},"15":{"start":{"line":9,"column":0},"end":{"line":9,"column":7}},"16":{"start":{"line":22,"column":2},"end":{"line":9,"column":null}},"17":{"start":{"line":10,"column":0},"end":{"line":10,"column":7}},"18":{"start":{"line":23,"column":2},"end":{"line":10,"column":null}},"19":{"start":{"line":11,"column":0},"end":{"line":11,"column":7}},"20":{"start":{"line":24,"column":2},"end":{"line":11,"column":null}},"21":{"start":{"line":12,"column":0},"end":{"line":12,"column":9}},"22":{"start":{"line":25,"column":2},"end":{"line":12,"column":null}},"23":{"start":{"line":13,"column":0},"end":{"line":13,"column":null}}},"fnMap":{"0":{"name":"(anonymous_1)","decl":{"start":{"line":25,"column":2},"end":{"line":25,"column":null}},"loc":{"start":{"line":25,"column":2},"end":{"line":12,"column":null}}}},"branchMap":{},"s":{"0":4,"1":4,"2":4,"3":4,"4":4,"5":4,"6":4,"7":4,"8":4,"9":4,"10":4,"11":4,"12":4,"13":4,"14":4,"15":4,"16":4,"17":4,"18":4,"19":4,"20":4,"21":4,"22":4,"23":4},"f":{"0":0},"b":{}}
,"C:\\Users\\Admin\\Searches\\Desktop\\前端学习\\Vue.js\\project5-json-schema-form\\vue3-json-schema-form\\src\\lib\\theme.tsx": {"path":"C:\\Users\\Admin\\Searches\\Desktop\\前端学习\\Vue.js\\project5-json-schema-form\\vue3-json-schema-form\\src\\lib\\theme.tsx","statementMap":{"0":{"start":{"line":1,"column":0},"end":{"line":1,"column":null}},"1":{"start":{"line":12,"column":0},"end":{"line":12,"column":null}},"2":{"start":{"line":13,"column":0},"end":{"line":13,"column":null}},"3":{"start":{"line":15,"column":13},"end":{"line":15,"column":null}},"4":{"start":{"line":16,"column":13},"end":{"line":34,"column":null}},"5":{"start":{"line":24,"column":20},"end":{"line":24,"column":47}},"6":{"start":{"line":24,"column":35},"end":{"line":24,"column":46}},"7":{"start":{"line":26,"column":4},"end":{"line":26,"column":null}},"8":{"start":{"line":27,"column":4},"end":{"line":32,"column":null}},"9":{"start":{"line":28,"column":24},"end":{"line":30,"column":15}},"10":{"start":{"line":31,"column":6},"end":{"line":31,"column":null}},"11":{"start":{"line":42,"column":22},"end":{"line":42,"column":38}},"12":{"start":{"line":44,"column":48},"end":{"line":44,"column":53}},"13":{"start":{"line":47,"column":6},"end":{"line":47,"column":null}},"14":{"start":{"line":52,"column":8},"end":{"line":52,"column":null}},"15":{"start":{"line":56,"column":50},"end":{"line":56,"column":76}},"16":{"start":{"line":58,"column":4},"end":{"line":58,"column":null}},"17":{"start":{"line":60,"column":20},"end":{"line":62,"column":4}},"18":{"start":{"line":61,"column":4},"end":{"line":61,"column":null}},"19":{"start":{"line":64,"column":2},"end":{"line":64,"column":null}},"20":{"start":{"line":37,"column":0},"end":{"line":37,"column":16}}},"fnMap":{"0":{"name":"(anonymous_0)","decl":{"start":{"line":23,"column":2},"end":{"line":23,"column":7}},"loc":{"start":{"line":23,"column":24},"end":{"line":33,"column":null}}},"1":{"name":"(anonymous_1)","decl":{"start":{"line":24,"column":29},"end":{"line":24,"column":35}},"loc":{"start":{"line":24,"column":35},"end":{"line":24,"column":46}}},"2":{"name":"(anonymous_2)","decl":{"start":{"line":27,"column":11},"end":{"line":27,"column":16}},"loc":{"start":{"line":27,"column":16},"end":{"line":32,"column":5}}},"3":{"name":"(anonymous_3)","decl":{"start":{"line":31,"column":6},"end":{"line":31,"column":25}},"loc":{"start":{"line":31,"column":6},"end":{"line":31,"column":null}}},"4":{"name":"getWidget","decl":{"start":{"line":37,"column":16},"end":{"line":37,"column":25}},"loc":{"start":{"line":39,"column":51},"end":{"line":65,"column":null}}},"5":{"name":"(anonymous_5)","decl":{"start":{"line":60,"column":29},"end":{"line":60,"column":34}},"loc":{"start":{"line":60,"column":34},"end":{"line":62,"column":3}}}},"branchMap":{"0":{"loc":{"start":{"line":28,"column":24},"end":{"line":30,"column":15}},"type":"cond-expr","locations":[{"start":{"line":29,"column":10},"end":{"line":29,"column":36}},{"start":{"line":30,"column":10},"end":{"line":30,"column":15}}]},"1":{"loc":{"start":{"line":31,"column":25},"end":{"line":31,"column":57}},"type":"binary-expr","locations":[{"start":{"line":31,"column":25},"end":{"line":31,"column":38}},{"start":{"line":31,"column":42},"end":{"line":31,"column":57}}]},"2":{"loc":{"start":{"line":46,"column":8},"end":{"line":46,"column":54}},"type":"binary-expr","locations":[{"start":{"line":46,"column":8},"end":{"line":46,"column":24}},{"start":{"line":46,"column":28},"end":{"line":46,"column":54}}]}},"s":{"0":4,"1":4,"2":4,"3":4,"4":4,"5":12,"6":12,"7":12,"8":12,"9":13,"10":26,"11":51,"12":51,"13":0,"14":0,"15":51,"16":0,"17":51,"18":51,"19":51,"20":4},"f":{"0":12,"1":12,"2":13,"3":13,"4":51,"5":51},"b":{"0":[13,0],"1":[13,13],"2":[51,0]}}
,"C:\\Users\\Admin\\Searches\\Desktop\\前端学习\\Vue.js\\project5-json-schema-form\\vue3-json-schema-form\\src\\lib\\types.ts": {"path":"C:\\Users\\Admin\\Searches\\Desktop\\前端学习\\Vue.js\\project5-json-schema-form\\vue3-json-schema-form\\src\\lib\\types.ts","statementMap":{"0":{"start":{"line":1,"column":0},"end":{"line":1,"column":null}},"1":{"start":{"line":10,"column":0},"end":{"line":10,"column":null}},"2":{"start":{"line":11,"column":2},"end":{"line":11,"column":null}},"3":{"start":{"line":12,"column":2},"end":{"line":12,"column":null}},"4":{"start":{"line":13,"column":2},"end":{"line":13,"column":null}},"5":{"start":{"line":14,"column":2},"end":{"line":14,"column":null}},"6":{"start":{"line":15,"column":2},"end":{"line":15,"column":null}},"7":{"start":{"line":16,"column":2},"end":{"line":16,"column":null}},"8":{"start":{"line":58,"column":13},"end":{"line":90,"column":null}},"9":{"start":{"line":92,"column":13},"end":{"line":98,"column":null}},"10":{"start":{"line":107,"column":13},"end":{"line":128,"column":null}},"11":{"start":{"line":129,"column":30},"end":{"line":131,"column":2}},"12":{"start":{"line":135,"column":13},"end":{"line":141,"column":null}},"13":{"start":{"line":143,"column":30},"end":{"line":145,"column":2}},"14":{"start":{"line":150,"column":0},"end":{"line":150,"column":null}},"15":{"start":{"line":151,"column":2},"end":{"line":151,"column":null}},"16":{"start":{"line":152,"column":2},"end":{"line":152,"column":null}},"17":{"start":{"line":153,"column":2},"end":{"line":153,"column":null}},"18":{"start":{"line":154,"column":2},"end":{"line":154,"column":null}},"19":{"start":{"line":155,"column":2},"end":{"line":155,"column":null}},"20":{"start":{"line":156,"column":2},"end":{"line":156,"column":null}},"21":{"start":{"line":157,"column":2},"end":{"line":157,"column":null}}},"fnMap":{"0":{"name":"(anonymous_0)","decl":{"start":{"line":10,"column":0},"end":{"line":10,"column":12}},"loc":{"start":{"line":10,"column":23},"end":{"line":17,"column":1}}},"1":{"name":"(anonymous_1)","decl":{"start":{"line":150,"column":0},"end":{"line":150,"column":12}},"loc":{"start":{"line":150,"column":22},"end":{"line":158,"column":1}}}},"branchMap":{"0":{"loc":{"start":{"line":10,"column":12},"end":{"line":10,"column":null}},"type":"binary-expr","locations":[{"start":{"line":10,"column":12},"end":{"line":10,"column":23}},{"start":{"line":10,"column":12},"end":{"line":10,"column":null}}]},"1":{"loc":{"start":{"line":150,"column":12},"end":{"line":150,"column":null}},"type":"binary-expr","locations":[{"start":{"line":150,"column":12},"end":{"line":150,"column":22}},{"start":{"line":150,"column":12},"end":{"line":150,"column":null}}]}},"s":{"0":4,"1":4,"2":4,"3":4,"4":4,"5":4,"6":4,"7":4,"8":4,"9":4,"10":4,"11":4,"12":4,"13":4,"14":4,"15":4,"16":4,"17":4,"18":4,"19":4,"20":4,"21":4},"f":{"0":4,"1":4},"b":{"0":[4,4],"1":[4,4]}}
,"C:\\Users\\Admin\\Searches\\Desktop\\前端学习\\Vue.js\\project5-json-schema-form\\vue3-json-schema-form\\src\\lib\\utils.ts": {"path":"C:\\Users\\Admin\\Searches\\Desktop\\前端学习\\Vue.js\\project5-json-schema-form\\vue3-json-schema-form\\src\\lib\\utils.ts","statementMap":{"0":{"start":{"line":1,"column":0},"end":{"line":1,"column":null}},"1":{"start":{"line":5,"column":0},"end":{"line":5,"column":null}},"2":{"start":{"line":6,"column":0},"end":{"line":6,"column":null}},"3":{"start":{"line":7,"column":0},"end":{"line":7,"column":null}},"4":{"start":{"line":10,"column":2},"end":{"line":10,"column":null}},"5":{"start":{"line":9,"column":0},"end":{"line":9,"column":16}},"6":{"start":{"line":14,"column":2},"end":{"line":14,"column":null}},"7":{"start":{"line":13,"column":0},"end":{"line":13,"column":16}},"8":{"start":{"line":22,"column":2},"end":{"line":22,"column":null}},"9":{"start":{"line":17,"column":0},"end":{"line":17,"column":16}},"10":{"start":{"line":29,"column":24},"end":{"line":29,"column":33}},"11":{"start":{"line":31,"column":16},"end":{"line":31,"column":54}},"12":{"start":{"line":32,"column":2},"end":{"line":35,"column":null}},"13":{"start":{"line":30,"column":0},"end":{"line":30,"column":16}},"14":{"start":{"line":42,"column":4},"end":{"line":42,"column":null}},"15":{"start":{"line":47,"column":27},"end":{"line":47,"column":76}},"16":{"start":{"line":48,"column":4},"end":{"line":48,"column":null}},"17":{"start":{"line":50,"column":4},"end":{"line":55,"column":null}},"18":{"start":{"line":53,"column":8},"end":{"line":53,"column":60}},"19":{"start":{"line":58,"column":4},"end":{"line":58,"column":null}},"20":{"start":{"line":40,"column":0},"end":{"line":40,"column":16}},"21":{"start":{"line":68,"column":4},"end":{"line":68,"column":null}},"22":{"start":{"line":70,"column":23},"end":{"line":70,"column":66}},"23":{"start":{"line":75,"column":6},"end":{"line":79,"column":null}},"24":{"start":{"line":81,"column":6},"end":{"line":81,"column":null}},"25":{"start":{"line":82,"column":55},"end":{"line":82,"column":69}},"26":{"start":{"line":83,"column":6},"end":{"line":83,"column":null}},"27":{"start":{"line":87,"column":4},"end":{"line":88,"column":49}},"28":{"start":{"line":91,"column":4},"end":{"line":95,"column":null}},"29":{"start":{"line":98,"column":2},"end":{"line":98,"column":null}},"30":{"start":{"line":62,"column":0},"end":{"line":62,"column":16}},"31":{"start":{"line":101,"column":13},"end":{"line":101,"column":null}},"32":{"start":{"line":109,"column":2},"end":{"line":112,"column":null}},"33":{"start":{"line":114,"column":2},"end":{"line":137,"column":null}},"34":{"start":{"line":117,"column":6},"end":{"line":117,"column":null}},"35":{"start":{"line":122,"column":6},"end":{"line":126,"column":null}},"36":{"start":{"line":128,"column":6},"end":{"line":128,"column":null}},"37":{"start":{"line":130,"column":6},"end":{"line":130,"column":null}},"38":{"start":{"line":134,"column":6},"end":{"line":134,"column":null}},"39":{"start":{"line":136,"column":6},"end":{"line":136,"column":null}},"40":{"start":{"line":139,"column":2},"end":{"line":139,"column":null}},"41":{"start":{"line":103,"column":0},"end":{"line":103,"column":16}},"42":{"start":{"line":157,"column":21},"end":{"line":157,"column":66}},"43":{"start":{"line":159,"column":35},"end":{"line":159,"column":41}},"44":{"start":{"line":161,"column":2},"end":{"line":161,"column":null}},"45":{"start":{"line":165,"column":2},"end":{"line":165,"column":null}},"46":{"start":{"line":167,"column":18},"end":{"line":167,"column":22}},"47":{"start":{"line":170,"column":4},"end":{"line":170,"column":null}},"48":{"start":{"line":172,"column":4},"end":{"line":172,"column":null}},"49":{"start":{"line":174,"column":18},"end":{"line":174,"column":51}},"50":{"start":{"line":177,"column":4},"end":{"line":177,"column":null}},"51":{"start":{"line":181,"column":4},"end":{"line":181,"column":null}},"52":{"start":{"line":183,"column":2},"end":{"line":183,"column":null}},"53":{"start":{"line":164,"column":0},"end":{"line":164,"column":16}},"54":{"start":{"line":196,"column":6},"end":{"line":196,"column":12}},"55":{"start":{"line":198,"column":4},"end":{"line":199,"column":null}},"56":{"start":{"line":201,"column":4},"end":{"line":202,"column":null}},"57":{"start":{"line":205,"column":4},"end":{"line":210,"column":null}},"58":{"start":{"line":213,"column":4},"end":{"line":218,"column":null}},"59":{"start":{"line":220,"column":2},"end":{"line":220,"column":null}},"60":{"start":{"line":233,"column":6},"end":{"line":233,"column":null}},"61":{"start":{"line":240,"column":6},"end":{"line":240,"column":null}},"62":{"start":{"line":243,"column":6},"end":{"line":243,"column":18}},"63":{"start":{"line":244,"column":4},"end":{"line":244,"column":null}},"64":{"start":{"line":245,"column":4},"end":{"line":250,"column":null}},"65":{"start":{"line":252,"column":2},"end":{"line":252,"column":null}},"66":{"start":{"line":264,"column":6},"end":{"line":264,"column":null}},"67":{"start":{"line":271,"column":6},"end":{"line":271,"column":null}},"68":{"start":{"line":274,"column":6},"end":{"line":274,"column":18}},"69":{"start":{"line":275,"column":4},"end":{"line":281,"column":null}},"70":{"start":{"line":282,"column":4},"end":{"line":287,"column":null}},"71":{"start":{"line":289,"column":2},"end":{"line":289,"column":null}},"72":{"start":{"line":335,"column":4},"end":{"line":335,"column":null}},"73":{"start":{"line":338,"column":2},"end":{"line":342,"column":null}},"74":{"start":{"line":340,"column":6},"end":{"line":340,"column":null}},"75":{"start":{"line":343,"column":19},"end":{"line":345,"column":26}},"76":{"start":{"line":346,"column":2},"end":{"line":346,"column":null}},"77":{"start":{"line":357,"column":40},"end":{"line":360,"column":null}},"78":{"start":{"line":363,"column":2},"end":{"line":363,"column":null}},"79":{"start":{"line":366,"column":4},"end":{"line":366,"column":null}},"80":{"start":{"line":368,"column":4},"end":{"line":368,"column":null}},"81":{"start":{"line":371,"column":24},"end":{"line":374,"column":null}},"82":{"start":{"line":372,"column":4},"end":{"line":374,"column":17}},"83":{"start":{"line":376,"column":2},"end":{"line":382,"column":null}},"84":{"start":{"line":392,"column":26},"end":{"line":408,"column":4}},"85":{"start":{"line":394,"column":6},"end":{"line":394,"column":null}},"86":{"start":{"line":396,"column":57},"end":{"line":396,"column":77}},"87":{"start":{"line":398,"column":30},"end":{"line":403,"column":null}},"88":{"start":{"line":405,"column":25},"end":{"line":405,"column":64}},"89":{"start":{"line":406,"column":6},"end":{"line":406,"column":null}},"90":{"start":{"line":410,"column":4},"end":{"line":412,"column":null}},"91":{"start":{"line":413,"column":4},"end":{"line":413,"column":null}},"92":{"start":{"line":416,"column":20},"end":{"line":416,"column":38}},"93":{"start":{"line":418,"column":4},"end":{"line":418,"column":24}},"94":{"start":{"line":419,"column":26},"end":{"line":419,"column":74}},"95":{"start":{"line":420,"column":2},"end":{"line":424,"column":null}},"96":{"start":{"line":433,"column":14},"end":{"line":433,"column":37}},"97":{"start":{"line":434,"column":2},"end":{"line":454,"column":null}},"98":{"start":{"line":435,"column":17},"end":{"line":435,"column":38}},"99":{"start":{"line":436,"column":14},"end":{"line":436,"column":23}},"100":{"start":{"line":438,"column":6},"end":{"line":438,"column":null}},"101":{"start":{"line":449,"column":6},"end":{"line":449,"column":null}},"102":{"start":{"line":451,"column":6},"end":{"line":451,"column":null}},"103":{"start":{"line":453,"column":4},"end":{"line":453,"column":null}},"104":{"start":{"line":432,"column":0},"end":{"line":432,"column":16}},"105":{"start":{"line":459,"column":19},"end":{"line":459,"column":25}},"106":{"start":{"line":462,"column":4},"end":{"line":462,"column":null}},"107":{"start":{"line":466,"column":4},"end":{"line":466,"column":null}},"108":{"start":{"line":470,"column":4},"end":{"line":470,"column":null}},"109":{"start":{"line":473,"column":17},"end":{"line":473,"column":21}},"110":{"start":{"line":475,"column":4},"end":{"line":475,"column":null}},"111":{"start":{"line":475,"column":28},"end":{"line":475,"column":43}},"112":{"start":{"line":478,"column":2},"end":{"line":478,"column":null}},"113":{"start":{"line":458,"column":0},"end":{"line":458,"column":16}},"114":{"start":{"line":507,"column":25},"end":{"line":523,"column":1}},"115":{"start":{"line":509,"column":4},"end":{"line":509,"column":null}},"116":{"start":{"line":511,"column":4},"end":{"line":511,"column":null}},"117":{"start":{"line":513,"column":4},"end":{"line":513,"column":null}},"118":{"start":{"line":515,"column":4},"end":{"line":515,"column":null}},"119":{"start":{"line":517,"column":4},"end":{"line":517,"column":null}},"120":{"start":{"line":519,"column":4},"end":{"line":519,"column":null}},"121":{"start":{"line":522,"column":2},"end":{"line":522,"column":null}},"122":{"start":{"line":507,"column":13},"end":{"line":507,"column":25}},"123":{"start":{"line":526,"column":2},"end":{"line":528,"column":null}},"124":{"start":{"line":525,"column":0},"end":{"line":525,"column":16}},"125":{"start":{"line":533,"column":17},"end":{"line":533,"column":52}},"126":{"start":{"line":534,"column":21},"end":{"line":534,"column":49}},"127":{"start":{"line":536,"column":4},"end":{"line":536,"column":null}},"128":{"start":{"line":538,"column":4},"end":{"line":538,"column":null}},"129":{"start":{"line":538,"column":44},"end":{"line":538,"column":66}},"130":{"start":{"line":540,"column":2},"end":{"line":540,"column":null}},"131":{"start":{"line":532,"column":0},"end":{"line":532,"column":16}},"132":{"start":{"line":545,"column":4},"end":{"line":545,"column":null}},"133":{"start":{"line":547,"column":2},"end":{"line":547,"column":null}},"134":{"start":{"line":543,"column":0},"end":{"line":543,"column":16}},"135":{"start":{"line":552,"column":15},"end":{"line":552,"column":16}},"136":{"start":{"line":553,"column":19},"end":{"line":553,"column":29}},"137":{"start":{"line":565,"column":28},"end":{"line":569,"column":null}},"138":{"start":{"line":566,"column":60},"end":{"line":568,"column":10}},"139":{"start":{"line":576,"column":36},"end":{"line":576,"column":42}},"140":{"start":{"line":579,"column":10},"end":{"line":579,"column":null}},"141":{"start":{"line":582,"column":10},"end":{"line":582,"column":null}},"142":{"start":{"line":585,"column":8},"end":{"line":585,"column":null}},"143":{"start":{"line":587,"column":8},"end":{"line":587,"column":null}},"144":{"start":{"line":588,"column":8},"end":{"line":588,"column":null}},"145":{"start":{"line":590,"column":8},"end":{"line":590,"column":null}},"146":{"start":{"line":591,"column":8},"end":{"line":591,"column":null}},"147":{"start":{"line":596,"column":6},"end":{"line":596,"column":null}},"148":{"start":{"line":599,"column":8},"end":{"line":599,"column":null}},"149":{"start":{"line":600,"column":8},"end":{"line":600,"column":null}},"150":{"start":{"line":603,"column":6},"end":{"line":603,"column":null}},"151":{"start":{"line":604,"column":6},"end":{"line":604,"column":null}},"152":{"start":{"line":607,"column":2},"end":{"line":607,"column":null}},"153":{"start":{"line":551,"column":0},"end":{"line":551,"column":16}},"154":{"start":{"line":613,"column":6},"end":{"line":613,"column":null}},"155":{"start":{"line":615,"column":4},"end":{"line":620,"column":null}},"156":{"start":{"line":617,"column":8},"end":{"line":617,"column":null}},"157":{"start":{"line":619,"column":6},"end":{"line":619,"column":null}},"158":{"start":{"line":622,"column":16},"end":{"line":622,"column":43}},"159":{"start":{"line":623,"column":4},"end":{"line":629,"column":null}},"160":{"start":{"line":624,"column":6},"end":{"line":627,"column":null}},"161":{"start":{"line":628,"column":6},"end":{"line":628,"column":null}},"162":{"start":{"line":631,"column":4},"end":{"line":631,"column":null}},"163":{"start":{"line":610,"column":0},"end":{"line":610,"column":16}},"164":{"start":{"line":642,"column":4},"end":{"line":642,"column":null}},"165":{"start":{"line":645,"column":19},"end":{"line":645,"column":34}},"166":{"start":{"line":656,"column":4},"end":{"line":656,"column":null}},"167":{"start":{"line":659,"column":4},"end":{"line":659,"column":null}},"168":{"start":{"line":662,"column":4},"end":{"line":662,"column":null}},"169":{"start":{"line":664,"column":2},"end":{"line":664,"column":null}},"170":{"start":{"line":635,"column":0},"end":{"line":635,"column":16}},"171":{"start":{"line":668,"column":18},"end":{"line":668,"column":33}},"172":{"start":{"line":669,"column":15},"end":{"line":669,"column":16}},"173":{"start":{"line":671,"column":4},"end":{"line":671,"column":null}},"174":{"start":{"line":671,"column":27},"end":{"line":671,"column":null}},"175":{"start":{"line":672,"column":4},"end":{"line":672,"column":null}},"176":{"start":{"line":675,"column":2},"end":{"line":675,"column":null}},"177":{"start":{"line":677,"column":22},"end":{"line":677,"column":32}},"178":{"start":{"line":684,"column":2},"end":{"line":684,"column":null}},"179":{"start":{"line":684,"column":32},"end":{"line":684,"column":null}},"180":{"start":{"line":687,"column":26},"end":{"line":687,"column":56}},"181":{"start":{"line":688,"column":2},"end":{"line":688,"column":30}},"182":{"start":{"line":690,"column":17},"end":{"line":690,"column":42}},"183":{"start":{"line":693,"column":15},"end":{"line":693,"column":79}},"184":{"start":{"line":695,"column":4},"end":{"line":695,"column":null}},"185":{"start":{"line":697,"column":2},"end":{"line":697,"column":null}},"186":{"start":{"line":705,"column":17},"end":{"line":705,"column":33}},"187":{"start":{"line":706,"column":27},"end":{"line":706,"column":43}},"188":{"start":{"line":707,"column":2},"end":{"line":717,"column":null}},"189":{"start":{"line":711,"column":8},"end":{"line":714,"column":null}},"190":{"start":{"line":716,"column":6},"end":{"line":716,"column":null}},"191":{"start":{"line":700,"column":0},"end":{"line":700,"column":16}},"192":{"start":{"line":722,"column":2},"end":{"line":722,"column":null}},"193":{"start":{"line":721,"column":0},"end":{"line":721,"column":16}}},"fnMap":{"0":{"name":"isObject","decl":{"start":{"line":9,"column":16},"end":{"line":9,"column":24}},"loc":{"start":{"line":9,"column":35},"end":{"line":11,"column":null}}},"1":{"name":"isEmptyObject","decl":{"start":{"line":13,"column":16},"end":{"line":13,"column":29}},"loc":{"start":{"line":13,"column":40},"end":{"line":15,"column":null}}},"2":{"name":"hasOwnProperty","decl":{"start":{"line":17,"column":16},"end":{"line":17,"column":30}},"loc":{"start":{"line":17,"column":52},"end":{"line":23,"column":null}}},"3":{"name":"validateData","decl":{"start":{"line":30,"column":16},"end":{"line":30,"column":28}},"loc":{"start":{"line":30,"column":51},"end":{"line":36,"column":null}}},"4":{"name":"resolveSchema","decl":{"start":{"line":40,"column":16},"end":{"line":40,"column":29}},"loc":{"start":{"line":40,"column":76},"end":{"line":60,"column":null}}},"5":{"name":"(anonymous_6)","decl":{"start":{"line":52,"column":31},"end":{"line":52,"column":45}},"loc":{"start":{"line":53,"column":8},"end":{"line":53,"column":60}}},"6":{"name":"retrieveSchema","decl":{"start":{"line":62,"column":16},"end":{"line":62,"column":30}},"loc":{"start":{"line":65,"column":20},"end":{"line":99,"column":null}}},"7":{"name":"stubExistingAdditionalProperties","decl":{"start":{"line":103,"column":16},"end":{"line":103,"column":48}},"loc":{"start":{"line":106,"column":20},"end":{"line":140,"column":null}}},"8":{"name":"(anonymous_9)","decl":{"start":{"line":114,"column":33},"end":{"line":114,"column":36}},"loc":{"start":{"line":114,"column":40},"end":{"line":137,"column":3}}},"9":{"name":"resolveReference","decl":{"start":{"line":155,"column":9},"end":{"line":155,"column":25}},"loc":{"start":{"line":155,"column":69},"end":{"line":162,"column":null}}},"10":{"name":"findSchemaDefinition","decl":{"start":{"line":164,"column":16},"end":{"line":164,"column":36}},"loc":{"start":{"line":164,"column":66},"end":{"line":184,"column":null}}},"11":{"name":"resolveDependencies","decl":{"start":{"line":186,"column":9},"end":{"line":186,"column":28}},"loc":{"start":{"line":189,"column":15},"end":{"line":221,"column":null}}},"12":{"name":"processDependentProperties","decl":{"start":{"line":223,"column":9},"end":{"line":223,"column":35}},"loc":{"start":{"line":227,"column":15},"end":{"line":253,"column":null}}},"13":{"name":"processDependentSchema","decl":{"start":{"line":254,"column":9},"end":{"line":254,"column":31}},"loc":{"start":{"line":258,"column":15},"end":{"line":290,"column":null}}},"14":{"name":"withDependentProperties","decl":{"start":{"line":333,"column":9},"end":{"line":333,"column":32}},"loc":{"start":{"line":333,"column":71},"end":{"line":347,"column":null}}},"15":{"name":"(anonymous_16)","decl":{"start":{"line":338,"column":31},"end":{"line":338,"column":32}},"loc":{"start":{"line":338,"column":47},"end":{"line":342,"column":3}}},"16":{"name":"withDependentSchema","decl":{"start":{"line":349,"column":9},"end":{"line":349,"column":28}},"loc":{"start":{"line":354,"column":22},"end":{"line":383,"column":null}}},"17":{"name":"(anonymous_18)","decl":{"start":{"line":371,"column":35},"end":{"line":371,"column":44}},"loc":{"start":{"line":372,"column":4},"end":{"line":374,"column":17}}},"18":{"name":"withExactlyOneSubschema","decl":{"start":{"line":385,"column":9},"end":{"line":385,"column":32}},"loc":{"start":{"line":390,"column":12},"end":{"line":425,"column":null}}},"19":{"name":"(anonymous_20)","decl":{"start":{"line":392,"column":40},"end":{"line":392,"column":54}},"loc":{"start":{"line":392,"column":58},"end":{"line":408,"column":3}}},"20":{"name":"mergeSchemas","decl":{"start":{"line":432,"column":16},"end":{"line":432,"column":28}},"loc":{"start":{"line":432,"column":49},"end":{"line":455,"column":null}}},"21":{"name":"(anonymous_22)","decl":{"start":{"line":434,"column":34},"end":{"line":434,"column":35}},"loc":{"start":{"line":434,"column":47},"end":{"line":454,"column":3}}},"22":{"name":"getSchemaType","decl":{"start":{"line":458,"column":16},"end":{"line":458,"column":29}},"loc":{"start":{"line":458,"column":44},"end":{"line":503,"column":null}}},"23":{"name":"(anonymous_24)","decl":{"start":{"line":475,"column":19},"end":{"line":475,"column":23}},"loc":{"start":{"line":475,"column":28},"end":{"line":475,"column":43}}},"24":{"name":"guessType","decl":{"start":{"line":507,"column":34},"end":{"line":507,"column":43}},"loc":{"start":{"line":507,"column":54},"end":{"line":523,"column":1}}},"25":{"name":"isConstant","decl":{"start":{"line":525,"column":16},"end":{"line":525,"column":26}},"loc":{"start":{"line":525,"column":41},"end":{"line":530,"column":null}}},"26":{"name":"isSelect","decl":{"start":{"line":532,"column":16},"end":{"line":532,"column":24}},"loc":{"start":{"line":532,"column":62},"end":{"line":541,"column":null}}},"27":{"name":"(anonymous_28)","decl":{"start":{"line":538,"column":29},"end":{"line":538,"column":39}},"loc":{"start":{"line":538,"column":44},"end":{"line":538,"column":66}}},"28":{"name":"isMultiSelect","decl":{"start":{"line":543,"column":16},"end":{"line":543,"column":29}},"loc":{"start":{"line":543,"column":69},"end":{"line":548,"column":null}}},"29":{"name":"getMatchingOption","decl":{"start":{"line":551,"column":16},"end":{"line":551,"column":33}},"loc":{"start":{"line":551,"column":66},"end":{"line":608,"column":null}}},"30":{"name":"(anonymous_31)","decl":{"start":{"line":566,"column":51},"end":{"line":566,"column":54}},"loc":{"start":{"line":566,"column":60},"end":{"line":568,"column":10}}},"31":{"name":"mergeDefaultsWithFormData","decl":{"start":{"line":610,"column":16},"end":{"line":610,"column":41}},"loc":{"start":{"line":610,"column":70},"end":{"line":633,"column":null}}},"32":{"name":"(anonymous_33)","decl":{"start":{"line":615,"column":24},"end":{"line":615,"column":25}},"loc":{"start":{"line":615,"column":39},"end":{"line":620,"column":5}}},"33":{"name":"(anonymous_34)","decl":{"start":{"line":623,"column":40},"end":{"line":623,"column":41}},"loc":{"start":{"line":623,"column":53},"end":{"line":629,"column":5}}},"34":{"name":"getPathVal","decl":{"start":{"line":667,"column":9},"end":{"line":667,"column":19}},"loc":{"start":{"line":667,"column":64},"end":{"line":676,"column":null}}},"35":{"name":"handleExpression","decl":{"start":{"line":678,"column":9},"end":{"line":678,"column":25}},"loc":{"start":{"line":682,"column":22},"end":{"line":698,"column":null}}},"36":{"name":"isHiddenWidget","decl":{"start":{"line":700,"column":16},"end":{"line":700,"column":30}},"loc":{"start":{"line":703,"column":21},"end":{"line":719,"column":null}}},"37":{"name":"(anonymous_39)","decl":{"start":{"line":709,"column":68},"end":{"line":709,"column":73}},"loc":{"start":{"line":709,"column":73},"end":{"line":717,"column":5}}},"38":{"name":"computedCurPath","decl":{"start":{"line":721,"column":16},"end":{"line":721,"column":31}},"loc":{"start":{"line":721,"column":63},"end":{"line":723,"column":null}}}},"branchMap":{"0":{"loc":{"start":{"line":10,"column":9},"end":{"line":10,"column":77}},"type":"binary-expr","locations":[{"start":{"line":10,"column":9},"end":{"line":10,"column":34}},{"start":{"line":10,"column":38},"end":{"line":10,"column":52}},{"start":{"line":10,"column":56},"end":{"line":10,"column":77}}]},"1":{"loc":{"start":{"line":14,"column":9},"end":{"line":14,"column":59}},"type":"binary-expr","locations":[{"start":{"line":14,"column":9},"end":{"line":14,"column":24}},{"start":{"line":14,"column":28},"end":{"line":14,"column":59}}]},"2":{"loc":{"start":{"line":40,"column":46},"end":{"line":40,"column":61}},"type":"default-arg","locations":[{"start":{"line":40,"column":59},"end":{"line":40,"column":61}}]},"3":{"loc":{"start":{"line":40,"column":63},"end":{"line":40,"column":76}},"type":"default-arg","locations":[{"start":{"line":40,"column":74},"end":{"line":40,"column":76}}]},"4":{"loc":{"start":{"line":44,"column":4},"end":{"line":45,"column":46}},"type":"binary-expr","locations":[{"start":{"line":44,"column":4},"end":{"line":44,"column":47}},{"start":{"line":45,"column":4},"end":{"line":45,"column":46}}]},"5":{"loc":{"start":{"line":49,"column":13},"end":{"line":49,"column":75}},"type":"binary-expr","locations":[{"start":{"line":49,"column":13},"end":{"line":49,"column":44}},{"start":{"line":49,"column":48},"end":{"line":49,"column":75}}]},"6":{"loc":{"start":{"line":64,"column":2},"end":{"line":64,"column":17}},"type":"default-arg","locations":[{"start":{"line":64,"column":15},"end":{"line":64,"column":17}}]},"7":{"loc":{"start":{"line":65,"column":2},"end":{"line":65,"column":20}},"type":"default-arg","locations":[{"start":{"line":65,"column":18},"end":{"line":65,"column":20}}]},"8":{"loc":{"start":{"line":87,"column":4},"end":{"line":88,"column":49}},"type":"binary-expr","locations":[{"start":{"line":87,"column":4},"end":{"line":87,"column":57}},{"start":{"line":88,"column":4},"end":{"line":88,"column":49}}]},"9":{"loc":{"start":{"line":105,"column":2},"end":{"line":105,"column":25}},"type":"default-arg","locations":[{"start":{"line":105,"column":23},"end":{"line":105,"column":25}}]},"10":{"loc":{"start":{"line":106,"column":2},"end":{"line":106,"column":20}},"type":"default-arg","locations":[{"start":{"line":106,"column":18},"end":{"line":106,"column":20}}]},"11":{"loc":{"start":{"line":164,"column":51},"end":{"line":164,"column":66}},"type":"default-arg","locations":[{"start":{"line":164,"column":64},"end":{"line":164,"column":66}}]},"12":{"loc":{"start":{"line":193,"column":4},"end":{"line":193,"column":26}},"type":"default-arg","locations":[{"start":{"line":193,"column":24},"end":{"line":193,"column":26}}]},"13":{"loc":{"start":{"line":194,"column":4},"end":{"line":194,"column":25}},"type":"default-arg","locations":[{"start":{"line":194,"column":23},"end":{"line":194,"column":25}}]},"14":{"loc":{"start":{"line":237,"column":6},"end":{"line":238,"column":51}},"type":"binary-expr","locations":[{"start":{"line":237,"column":6},"end":{"line":237,"column":31}},{"start":{"line":238,"column":6},"end":{"line":238,"column":51}}]},"15":{"loc":{"start":{"line":268,"column":6},"end":{"line":269,"column":51}},"type":"binary-expr","locations":[{"start":{"line":268,"column":6},"end":{"line":268,"column":31}},{"start":{"line":269,"column":6},"end":{"line":269,"column":51}}]},"16":{"loc":{"start":{"line":334,"column":6},"end":{"line":334,"column":67}},"type":"binary-expr","locations":[{"start":{"line":334,"column":6},"end":{"line":334,"column":27}},{"start":{"line":334,"column":31},"end":{"line":334,"column":67}}]},"17":{"loc":{"start":{"line":343,"column":19},"end":{"line":345,"column":26}},"type":"cond-expr","locations":[{"start":{"line":344,"column":6},"end":{"line":344,"column":72}},{"start":{"line":345,"column":6},"end":{"line":345,"column":26}}]},"18":{"loc":{"start":{"line":372,"column":4},"end":{"line":374,"column":17}},"type":"cond-expr","locations":[{"start":{"line":373,"column":8},"end":{"line":373,"column":57}},{"start":{"line":374,"column":8},"end":{"line":374,"column":17}}]},"19":{"loc":{"start":{"line":406,"column":13},"end":{"line":406,"column":43}},"type":"binary-expr","locations":[{"start":{"line":406,"column":13},"end":{"line":406,"column":20}},{"start":{"line":406,"column":24},"end":{"line":406,"column":43}}]},"20":{"loc":{"start":{"line":435,"column":17},"end":{"line":435,"column":38}},"type":"cond-expr","locations":[{"start":{"line":435,"column":24},"end":{"line":435,"column":33}},{"start":{"line":435,"column":36},"end":{"line":435,"column":38}}]},"21":{"loc":{"start":{"line":437,"column":8},"end":{"line":437,"column":60}},"type":"binary-expr","locations":[{"start":{"line":437,"column":8},"end":{"line":437,"column":12}},{"start":{"line":437,"column":16},"end":{"line":437,"column":41}},{"start":{"line":437,"column":45},"end":{"line":437,"column":60}}]},"22":{"loc":{"start":{"line":440,"column":6},"end":{"line":445,"column":26}},"type":"binary-expr","locations":[{"start":{"line":440,"column":6},"end":{"line":440,"column":10}},{"start":{"line":441,"column":6},"end":{"line":441,"column":10}},{"start":{"line":442,"column":7},"end":{"line":442,"column":39}},{"start":{"line":442,"column":43},"end":{"line":442,"column":75}},{"start":{"line":443,"column":6},"end":{"line":443,"column":24}},{"start":{"line":444,"column":6},"end":{"line":444,"column":25}},{"start":{"line":445,"column":6},"end":{"line":445,"column":26}}]},"23":{"loc":{"start":{"line":461,"column":6},"end":{"line":461,"column":27}},"type":"binary-expr","locations":[{"start":{"line":461,"column":6},"end":{"line":461,"column":11}},{"start":{"line":461,"column":15},"end":{"line":461,"column":27}}]},"24":{"loc":{"start":{"line":465,"column":6},"end":{"line":465,"column":26}},"type":"binary-expr","locations":[{"start":{"line":465,"column":6},"end":{"line":465,"column":11}},{"start":{"line":465,"column":15},"end":{"line":465,"column":26}}]},"25":{"loc":{"start":{"line":469,"column":6},"end":{"line":469,"column":65}},"type":"binary-expr","locations":[{"start":{"line":469,"column":6},"end":{"line":469,"column":11}},{"start":{"line":469,"column":16},"end":{"line":469,"column":33}},{"start":{"line":469,"column":37},"end":{"line":469,"column":64}}]},"26":{"loc":{"start":{"line":474,"column":6},"end":{"line":474,"column":64}},"type":"binary-expr","locations":[{"start":{"line":474,"column":6},"end":{"line":474,"column":24}},{"start":{"line":474,"column":28},"end":{"line":474,"column":42}},{"start":{"line":474,"column":46},"end":{"line":474,"column":64}}]},"27":{"loc":{"start":{"line":527,"column":5},"end":{"line":528,"column":34}},"type":"binary-expr","locations":[{"start":{"line":527,"column":5},"end":{"line":527,"column":31}},{"start":{"line":527,"column":35},"end":{"line":527,"column":59}},{"start":{"line":528,"column":4},"end":{"line":528,"column":34}}]},"28":{"loc":{"start":{"line":532,"column":39},"end":{"line":532,"column":62}},"type":"default-arg","locations":[{"start":{"line":532,"column":60},"end":{"line":532,"column":62}}]},"29":{"loc":{"start":{"line":534,"column":21},"end":{"line":534,"column":49}},"type":"binary-expr","locations":[{"start":{"line":534,"column":21},"end":{"line":534,"column":33}},{"start":{"line":534,"column":37},"end":{"line":534,"column":49}}]},"30":{"loc":{"start":{"line":543,"column":46},"end":{"line":543,"column":69}},"type":"default-arg","locations":[{"start":{"line":543,"column":67},"end":{"line":543,"column":69}}]},"31":{"loc":{"start":{"line":544,"column":6},"end":{"line":544,"column":42}},"type":"binary-expr","locations":[{"start":{"line":544,"column":6},"end":{"line":544,"column":25}},{"start":{"line":544,"column":29},"end":{"line":544,"column":42}}]},"32":{"loc":{"start":{"line":625,"column":8},"end":{"line":625,"column":37}},"type":"cond-expr","locations":[{"start":{"line":625,"column":19},"end":{"line":625,"column":32}},{"start":{"line":625,"column":35},"end":{"line":625,"column":37}}]},"33":{"loc":{"start":{"line":658,"column":6},"end":{"line":658,"column":51}},"type":"binary-expr","locations":[{"start":{"line":658,"column":6},"end":{"line":658,"column":24}},{"start":{"line":658,"column":28},"end":{"line":658,"column":51}}]},"34":{"loc":{"start":{"line":661,"column":6},"end":{"line":661,"column":61}},"type":"binary-expr","locations":[{"start":{"line":661,"column":6},"end":{"line":661,"column":20}},{"start":{"line":661,"column":24},"end":{"line":661,"column":42}},{"start":{"line":661,"column":46},"end":{"line":661,"column":61}}]},"35":{"loc":{"start":{"line":664,"column":9},"end":{"line":664,"column":29}},"type":"binary-expr","locations":[{"start":{"line":664,"column":9},"end":{"line":664,"column":17}},{"start":{"line":664,"column":21},"end":{"line":664,"column":29}}]},"36":{"loc":{"start":{"line":667,"column":47},"end":{"line":667,"column":64}},"type":"default-arg","locations":[{"start":{"line":667,"column":63},"end":{"line":667,"column":64}}]},"37":{"loc":{"start":{"line":671,"column":4},"end":{"line":671,"column":null}},"type":"if","locations":[{"start":{"line":671,"column":4},"end":{"line":671,"column":null}}]},"38":{"loc":{"start":{"line":672,"column":10},"end":{"line":672,"column":71}},"type":"cond-expr","locations":[{"start":{"line":672,"column":30},"end":{"line":672,"column":33}},{"start":{"line":672,"column":36},"end":{"line":672,"column":71}}]},"39":{"loc":{"start":{"line":684,"column":2},"end":{"line":684,"column":null}},"type":"if","locations":[{"start":{"line":684,"column":2},"end":{"line":684,"column":null}}]},"40":{"loc":{"start":{"line":708,"column":4},"end":{"line":717,"column":6}},"type":"binary-expr","locations":[{"start":{"line":708,"column":4},"end":{"line":708,"column":29}},{"start":{"line":709,"column":4},"end":{"line":717,"column":6}}]},"41":{"loc":{"start":{"line":722,"column":9},"end":{"line":722,"column":62}},"type":"cond-expr","locations":[{"start":{"line":722,"column":26},"end":{"line":722,"column":32}},{"start":{"line":722,"column":35},"end":{"line":722,"column":62}}]}},"s":{"0":4,"1":4,"2":4,"3":4,"4":103,"5":4,"6":0,"7":4,"8":356,"9":4,"10":4,"11":4,"12":4,"13":4,"14":2,"15":4,"16":4,"17":0,"18":0,"19":86,"20":4,"21":0,"22":92,"23":0,"24":0,"25":0,"26":0,"27":92,"28":0,"29":92,"30":4,"31":4,"32":0,"33":0,"34":0,"35":0,"36":0,"37":0,"38":0,"39":0,"40":0,"41":4,"42":2,"43":2,"44":2,"45":2,"46":2,"47":2,"48":0,"49":2,"50":0,"51":0,"52":2,"53":4,"54":4,"55":0,"56":0,"57":4,"58":0,"59":0,"60":4,"61":0,"62":4,"63":4,"64":4,"65":4,"66":0,"67":0,"68":0,"69":0,"70":0,"71":0,"72":0,"73":4,"74":1,"75":4,"76":4,"77":0,"78":0,"79":0,"80":0,"81":0,"82":0,"83":0,"84":0,"85":0,"86":0,"87":0,"88":0,"89":0,"90":0,"91":0,"92":0,"93":0,"94":0,"95":0,"96":0,"97":0,"98":0,"99":0,"100":0,"101":0,"102":0,"103":0,"104":4,"105":0,"106":0,"107":0,"108":0,"109":0,"110":0,"111":0,"112":0,"113":4,"114":4,"115":0,"116":0,"117":0,"118":0,"119":0,"120":0,"121":0,"122":4,"123":0,"124":4,"125":0,"126":0,"127":0,"128":0,"129":0,"130":0,"131":4,"132":0,"133":0,"134":4,"135":2,"136":4,"137":4,"138":4,"139":0,"140":0,"141":0,"142":0,"143":0,"144":0,"145":4,"146":4,"147":4,"148":1,"149":1,"150":0,"151":0,"152":1,"153":4,"154":0,"155":0,"156":0,"157":0,"158":0,"159":0,"160":0,"161":0,"162":0,"163":4,"164":0,"165":0,"166":0,"167":0,"168":0,"169":0,"170":4,"171":0,"172":0,"173":0,"174":0,"175":0,"176":0,"177":4,"178":47,"179":47,"180":0,"181":0,"182":0,"183":0,"184":0,"185":0,"186":47,"187":47,"188":47,"189":0,"190":0,"191":4,"192":21,"193":4},"f":{"0":103,"1":0,"2":356,"3":4,"4":92,"5":0,"6":92,"7":0,"8":0,"9":2,"10":2,"11":4,"12":8,"13":0,"14":4,"15":3,"16":0,"17":0,"18":0,"19":0,"20":0,"21":0,"22":0,"23":0,"24":0,"25":0,"26":0,"27":0,"28":0,"29":2,"30":4,"31":0,"32":0,"33":0,"34":0,"35":47,"36":47,"37":0,"38":21},"b":{"0":[103,101,100],"1":[0,0],"2":[0],"3":[0],"4":[90,86],"5":[86,0],"6":[0],"7":[26],"8":[92,0],"9":[0],"10":[0],"11":[0],"12":[0],"13":[4],"14":[4,4],"15":[0,0],"16":[4,4],"17":[0,4],"18":[0,0],"19":[0,0],"20":[0,0],"21":[0,0,0],"22":[0,0,0,0,0,0,0],"23":[0,0],"24":[0,0],"25":[0,0,0],"26":[0,0,0],"27":[0,0,0],"28":[0],"29":[0,0],"30":[0],"31":[0,0],"32":[0,0],"33":[0,0],"34":[0,0,0],"35":[0,0],"36":[0],"37":[0],"38":[0,0],"39":[47],"40":[47,47],"41":[0,21]}}
,"C:\\Users\\Admin\\Searches\\Desktop\\前端学习\\Vue.js\\project5-json-schema-form\\vue3-json-schema-form\\src\\lib\\validator.ts": {"path":"C:\\Users\\Admin\\Searches\\Desktop\\前端学习\\Vue.js\\project5-json-schema-form\\vue3-json-schema-form\\src\\lib\\validator.ts","statementMap":{"0":{"start":{"line":2,"column":0},"end":{"line":2,"column":null}},"1":{"start":{"line":5,"column":0},"end":{"line":5,"column":null}},"2":{"start":{"line":21,"column":2},"end":{"line":21,"column":null}},"3":{"start":{"line":21,"column":45},"end":{"line":21,"column":null}},"4":{"start":{"line":23,"column":2},"end":{"line":31,"column":null}},"5":{"start":{"line":24,"column":4},"end":{"line":30,"column":null}},"6":{"start":{"line":35,"column":2},"end":{"line":35,"column":null}},"7":{"start":{"line":35,"column":49},"end":{"line":35,"column":null}},"8":{"start":{"line":37,"column":2},"end":{"line":64,"column":null}},"9":{"start":{"line":38,"column":34},"end":{"line":38,"column":38}},"10":{"start":{"line":39,"column":17},"end":{"line":39,"column":26}},"11":{"start":{"line":40,"column":17},"end":{"line":40,"column":36}},"12":{"start":{"line":45,"column":6},"end":{"line":45,"column":null}},"13":{"start":{"line":50,"column":10},"end":{"line":50,"column":null}},"14":{"start":{"line":52,"column":6},"end":{"line":52,"column":null}},"15":{"start":{"line":56,"column":6},"end":{"line":56,"column":null}},"16":{"start":{"line":59,"column":8},"end":{"line":59,"column":null}},"17":{"start":{"line":63,"column":4},"end":{"line":63,"column":null}},"18":{"start":{"line":74,"column":21},"end":{"line":74,"column":25}},"19":{"start":{"line":76,"column":4},"end":{"line":76,"column":null}},"20":{"start":{"line":78,"column":4},"end":{"line":78,"column":null}},"21":{"start":{"line":80,"column":2},"end":{"line":80,"column":null}},"22":{"start":{"line":82,"column":17},"end":{"line":82,"column":50}},"23":{"start":{"line":87,"column":30},"end":{"line":87,"column":50}},"24":{"start":{"line":88,"column":6},"end":{"line":92,"column":null}},"25":{"start":{"line":94,"column":4},"end":{"line":94,"column":null}},"26":{"start":{"line":97,"column":22},"end":{"line":97,"column":45}},"27":{"start":{"line":100,"column":4},"end":{"line":104,"column":null}},"28":{"start":{"line":106,"column":16},"end":{"line":106,"column":34}},"29":{"start":{"line":108,"column":2},"end":{"line":108,"column":null}},"30":{"start":{"line":110,"column":25},"end":{"line":110,"column":61}},"31":{"start":{"line":112,"column":2},"end":{"line":116,"column":null}},"32":{"start":{"line":67,"column":0},"end":{"line":67,"column":7}},"33":{"start":{"line":120,"column":14},"end":{"line":120,"column":16}},"34":{"start":{"line":121,"column":2},"end":{"line":141,"column":null}},"35":{"start":{"line":124,"column":8},"end":{"line":131,"column":null}},"36":{"start":{"line":125,"column":27},"end":{"line":125,"column":68}},"37":{"start":{"line":127,"column":12},"end":{"line":127,"column":null}},"38":{"start":{"line":129,"column":14},"end":{"line":129,"column":null}},"39":{"start":{"line":133,"column":24},"end":{"line":133,"column":58}},"40":{"start":{"line":135,"column":23},"end":{"line":135,"column":41}},"41":{"start":{"line":136,"column":10},"end":{"line":136,"column":null}},"42":{"start":{"line":137,"column":8},"end":{"line":137,"column":null}},"43":{"start":{"line":139,"column":6},"end":{"line":139,"column":null}},"44":{"start":{"line":145,"column":22},"end":{"line":145,"column":45}},"45":{"start":{"line":146,"column":2},"end":{"line":157,"column":null}},"46":{"start":{"line":147,"column":17},"end":{"line":147,"column":38}},"47":{"start":{"line":148,"column":18},"end":{"line":148,"column":27}},"48":{"start":{"line":150,"column":6},"end":{"line":150,"column":59}},"49":{"start":{"line":152,"column":6},"end":{"line":152,"column":null}},"50":{"start":{"line":154,"column":6},"end":{"line":154,"column":null}},"51":{"start":{"line":156,"column":4},"end":{"line":156,"column":null}}},"fnMap":{"0":{"name":"formatErrorList","decl":{"start":{"line":20,"column":9},"end":{"line":20,"column":24}},"loc":{"start":{"line":20,"column":64},"end":{"line":32,"column":null}}},"1":{"name":"(anonymous_2)","decl":{"start":{"line":23,"column":19},"end":{"line":23,"column":20}},"loc":{"start":{"line":23,"column":78},"end":{"line":31,"column":3}}},"2":{"name":"formatErrSchema","decl":{"start":{"line":34,"column":9},"end":{"line":34,"column":24}},"loc":{"start":{"line":34,"column":50},"end":{"line":65,"column":null}}},"3":{"name":"(anonymous_4)","decl":{"start":{"line":37,"column":23},"end":{"line":37,"column":24}},"loc":{"start":{"line":37,"column":43},"end":{"line":64,"column":3}}},"4":{"name":"validateFormData","decl":{"start":{"line":67,"column":22},"end":{"line":67,"column":38}},"loc":{"start":{"line":72,"column":64},"end":{"line":117,"column":null}}},"5":{"name":"createErrorProxy","decl":{"start":{"line":119,"column":9},"end":{"line":119,"column":25}},"loc":{"start":{"line":119,"column":25},"end":{"line":142,"column":null}}},"6":{"name":"(anonymous_7)","decl":{"start":{"line":122,"column":4},"end":{"line":122,"column":7}},"loc":{"start":{"line":122,"column":29},"end":{"line":140,"column":null}}},"7":{"name":"(anonymous_8)","decl":{"start":{"line":124,"column":16},"end":{"line":124,"column":27}},"loc":{"start":{"line":124,"column":31},"end":{"line":131,"column":9}}},"8":{"name":"mergeObjs","decl":{"start":{"line":144,"column":9},"end":{"line":144,"column":18}},"loc":{"start":{"line":144,"column":58},"end":{"line":158,"column":null}}},"9":{"name":"(anonymous_10)","decl":{"start":{"line":146,"column":34},"end":{"line":146,"column":35}},"loc":{"start":{"line":146,"column":55},"end":{"line":157,"column":3}}}},"branchMap":{"0":{"loc":{"start":{"line":21,"column":2},"end":{"line":21,"column":null}},"type":"if","locations":[{"start":{"line":21,"column":2},"end":{"line":21,"column":null}}]},"1":{"loc":{"start":{"line":21,"column":6},"end":{"line":21,"column":43}},"type":"binary-expr","locations":[{"start":{"line":21,"column":6},"end":{"line":21,"column":20}},{"start":{"line":21,"column":24},"end":{"line":21,"column":43}}]},"2":{"loc":{"start":{"line":35,"column":2},"end":{"line":35,"column":null}},"type":"if","locations":[{"start":{"line":35,"column":2},"end":{"line":35,"column":null}}]},"3":{"loc":{"start":{"line":35,"column":6},"end":{"line":35,"column":47}},"type":"binary-expr","locations":[{"start":{"line":35,"column":6},"end":{"line":35,"column":23}},{"start":{"line":35,"column":27},"end":{"line":35,"column":47}}]},"4":{"loc":{"start":{"line":44,"column":8},"end":{"line":44,"column":41}},"type":"binary-expr","locations":[{"start":{"line":44,"column":8},"end":{"line":44,"column":23}},{"start":{"line":44,"column":27},"end":{"line":44,"column":41}}]},"5":{"loc":{"start":{"line":56,"column":47},"end":{"line":56,"column":60}},"type":"binary-expr","locations":[{"start":{"line":56,"column":47},"end":{"line":56,"column":54}},{"start":{"line":56,"column":58},"end":{"line":56,"column":60}}]},"6":{"loc":{"start":{"line":126,"column":14},"end":{"line":126,"column":49}},"type":"binary-expr","locations":[{"start":{"line":126,"column":14},"end":{"line":126,"column":22}},{"start":{"line":126,"column":26},"end":{"line":126,"column":49}}]},"7":{"loc":{"start":{"line":144,"column":41},"end":{"line":144,"column":58}},"type":"default-arg","locations":[{"start":{"line":144,"column":53},"end":{"line":144,"column":58}}]},"8":{"loc":{"start":{"line":147,"column":17},"end":{"line":147,"column":38}},"type":"cond-expr","locations":[{"start":{"line":147,"column":24},"end":{"line":147,"column":33}},{"start":{"line":147,"column":36},"end":{"line":147,"column":38}}]},"9":{"loc":{"start":{"line":149,"column":8},"end":{"line":149,"column":59}},"type":"binary-expr","locations":[{"start":{"line":149,"column":8},"end":{"line":149,"column":12}},{"start":{"line":149,"column":16},"end":{"line":149,"column":40}},{"start":{"line":149,"column":44},"end":{"line":149,"column":59}}]},"10":{"loc":{"start":{"line":151,"column":15},"end":{"line":151,"column":71}},"type":"binary-expr","locations":[{"start":{"line":151,"column":15},"end":{"line":151,"column":24}},{"start":{"line":151,"column":28},"end":{"line":151,"column":47}},{"start":{"line":151,"column":51},"end":{"line":151,"column":71}}]}},"s":{"0":4,"1":4,"2":0,"3":0,"4":0,"5":0,"6":0,"7":0,"8":0,"9":0,"10":0,"11":0,"12":0,"13":0,"14":0,"15":0,"16":0,"17":0,"18":0,"19":0,"20":0,"21":0,"22":0,"23":0,"24":0,"25":0,"26":0,"27":0,"28":0,"29":0,"30":0,"31":0,"32":4,"33":0,"34":0,"35":0,"36":0,"37":0,"38":0,"39":0,"40":0,"41":0,"42":0,"43":0,"44":0,"45":0,"46":0,"47":0,"48":0,"49":0,"50":0,"51":0},"f":{"0":0,"1":0,"2":0,"3":0,"4":0,"5":0,"6":0,"7":0,"8":0,"9":0},"b":{"0":[0],"1":[0,0],"2":[0],"3":[0,0],"4":[0,0],"5":[0,0],"6":[0,0],"7":[0],"8":[0,0],"9":[0,0,0],"10":[0,0,0]}}
,"C:\\Users\\Admin\\Searches\\Desktop\\前端学习\\Vue.js\\project5-json-schema-form\\vue3-json-schema-form\\src\\lib\\fields\\ArrayField.tsx": {"path":"C:\\Users\\Admin\\Searches\\Desktop\\前端学习\\Vue.js\\project5-json-schema-form\\vue3-json-schema-form\\src\\lib\\fields\\ArrayField.tsx","statementMap":{"0":{"start":{"line":1,"column":0},"end":{"line":1,"column":null}},"1":{"start":{"line":2,"column":0},"end":{"line":2,"column":null}},"2":{"start":{"line":9,"column":0},"end":{"line":9,"column":null}},"3":{"start":{"line":10,"column":0},"end":{"line":10,"column":null}},"4":{"start":{"line":11,"column":0},"end":{"line":11,"column":null}},"5":{"start":{"line":12,"column":18},"end":{"line":32,"column":2}},"6":{"start":{"line":34,"column":25},"end":{"line":126,"column":2}},"7":{"start":{"line":59,"column":23},"end":{"line":59,"column":34}},"8":{"start":{"line":62,"column":52},"end":{"line":62,"column":78}},"9":{"start":{"line":64,"column":6},"end":{"line":64,"column":null}},"10":{"start":{"line":66,"column":28},"end":{"line":68,"column":6}},"11":{"start":{"line":67,"column":6},"end":{"line":67,"column":null}},"12":{"start":{"line":69,"column":20},"end":{"line":71,"column":6}},"13":{"start":{"line":70,"column":6},"end":{"line":70,"column":null}},"14":{"start":{"line":73,"column":4},"end":{"line":124,"column":null}},"15":{"start":{"line":74,"column":22},"end":{"line":74,"column":38}},"16":{"start":{"line":75,"column":27},"end":{"line":75,"column":48}},"17":{"start":{"line":76,"column":19},"end":{"line":76,"column":32}},"18":{"start":{"line":77,"column":24},"end":{"line":79,"column":7}},"19":{"start":{"line":78,"column":8},"end":{"line":78,"column":null}},"20":{"start":{"line":80,"column":27},"end":{"line":82,"column":7}},"21":{"start":{"line":81,"column":8},"end":{"line":81,"column":null}},"22":{"start":{"line":83,"column":23},"end":{"line":85,"column":7}},"23":{"start":{"line":84,"column":8},"end":{"line":84,"column":null}},"24":{"start":{"line":86,"column":25},"end":{"line":88,"column":7}},"25":{"start":{"line":87,"column":8},"end":{"line":87,"column":null}},"26":{"start":{"line":89,"column":6},"end":{"line":117,"column":null}},"27":{"start":{"line":96,"column":32},"end":{"line":96,"column":null}},"28":{"start":{"line":103,"column":35},"end":{"line":103,"column":null}},"29":{"start":{"line":110,"column":33},"end":{"line":110,"column":null}},"30":{"start":{"line":117,"column":31},"end":{"line":117,"column":null}},"31":{"start":{"line":128,"column":0},"end":{"line":276,"column":null}},"32":{"start":{"line":133,"column":20},"end":{"line":133,"column":36}},"33":{"start":{"line":135,"column":34},"end":{"line":145,"column":5}},"34":{"start":{"line":136,"column":24},"end":{"line":136,"column":29}},"35":{"start":{"line":139,"column":8},"end":{"line":139,"column":null}},"36":{"start":{"line":140,"column":8},"end":{"line":140,"column":null}},"37":{"start":{"line":142,"column":8},"end":{"line":142,"column":null}},"38":{"start":{"line":144,"column":6},"end":{"line":144,"column":null}},"39":{"start":{"line":148,"column":23},"end":{"line":153,"column":5}},"40":{"start":{"line":149,"column":24},"end":{"line":149,"column":29}},"41":{"start":{"line":150,"column":23},"end":{"line":150,"column":56}},"42":{"start":{"line":151,"column":6},"end":{"line":151,"column":null}},"43":{"start":{"line":152,"column":6},"end":{"line":152,"column":null}},"44":{"start":{"line":155,"column":26},"end":{"line":160,"column":5}},"45":{"start":{"line":156,"column":24},"end":{"line":156,"column":29}},"46":{"start":{"line":157,"column":23},"end":{"line":157,"column":56}},"47":{"start":{"line":158,"column":6},"end":{"line":158,"column":null}},"48":{"start":{"line":159,"column":6},"end":{"line":159,"column":null}},"49":{"start":{"line":162,"column":22},"end":{"line":169,"column":5}},"50":{"start":{"line":163,"column":6},"end":{"line":163,"column":null}},"51":{"start":{"line":163,"column":23},"end":{"line":163,"column":null}},"52":{"start":{"line":164,"column":24},"end":{"line":164,"column":29}},"53":{"start":{"line":165,"column":23},"end":{"line":165,"column":56}},"54":{"start":{"line":166,"column":18},"end":{"line":166,"column":43}},"55":{"start":{"line":167,"column":6},"end":{"line":167,"column":null}},"56":{"start":{"line":168,"column":6},"end":{"line":168,"column":null}},"57":{"start":{"line":171,"column":24},"end":{"line":178,"column":5}},"58":{"start":{"line":172,"column":24},"end":{"line":172,"column":29}},"59":{"start":{"line":173,"column":23},"end":{"line":173,"column":56}},"60":{"start":{"line":174,"column":6},"end":{"line":174,"column":null}},"61":{"start":{"line":174,"column":41},"end":{"line":174,"column":null}},"62":{"start":{"line":175,"column":18},"end":{"line":175,"column":43}},"63":{"start":{"line":176,"column":6},"end":{"line":176,"column":null}},"64":{"start":{"line":177,"column":6},"end":{"line":177,"column":null}},"65":{"start":{"line":180,"column":28},"end":{"line":180,"column":69}},"66":{"start":{"line":181,"column":27},"end":{"line":181,"column":67}},"67":{"start":{"line":182,"column":30},"end":{"line":182,"column":73}},"68":{"start":{"line":184,"column":4},"end":{"line":274,"column":null}},"69":{"start":{"line":185,"column":67},"end":{"line":185,"column":72}},"70":{"start":{"line":187,"column":25},"end":{"line":187,"column":43}},"71":{"start":{"line":188,"column":27},"end":{"line":188,"column":48}},"72":{"start":{"line":189,"column":26},"end":{"line":189,"column":46}},"73":{"start":{"line":190,"column":29},"end":{"line":190,"column":52}},"74":{"start":{"line":191,"column":26},"end":{"line":191,"column":53}},"75":{"start":{"line":192,"column":23},"end":{"line":192,"column":65}},"76":{"start":{"line":193,"column":32},"end":{"line":193,"column":51}},"77":{"start":{"line":194,"column":23},"end":{"line":194,"column":56}},"78":{"start":{"line":197,"column":8},"end":{"line":216,"column":null}},"79":{"start":{"line":198,"column":32},"end":{"line":198,"column":47}},"80":{"start":{"line":199,"column":31},"end":{"line":201,"column":33}},"81":{"start":{"line":202,"column":10},"end":{"line":213,"column":null}},"82":{"start":{"line":211,"column":16},"end":{"line":211,"column":null}},"83":{"start":{"line":219,"column":25},"end":{"line":219,"column":58}},"84":{"start":{"line":221,"column":8},"end":{"line":242,"column":null}},"85":{"start":{"line":221,"column":50},"end":{"line":239,"column":null}},"86":{"start":{"line":227,"column":30},"end":{"line":239,"column":null}},"87":{"start":{"line":237,"column":16},"end":{"line":237,"column":null}},"88":{"start":{"line":245,"column":25},"end":{"line":245,"column":50}},"89":{"start":{"line":246,"column":65},"end":{"line":247,"column":null}},"90":{"start":{"line":247,"column":23},"end":{"line":247,"column":45}},"91":{"start":{"line":251,"column":10},"end":{"line":255,"column":50}},"92":{"start":{"line":257,"column":8},"end":{"line":270,"column":null}},"93":{"start":{"line":264,"column":18},"end":{"line":264,"column":null}}},"fnMap":{"0":{"name":"(anonymous_0)","decl":{"start":{"line":58,"column":2},"end":{"line":58,"column":7}},"loc":{"start":{"line":58,"column":24},"end":{"line":125,"column":null}}},"1":{"name":"(anonymous_1)","decl":{"start":{"line":66,"column":37},"end":{"line":66,"column":42}},"loc":{"start":{"line":66,"column":42},"end":{"line":68,"column":5}}},"2":{"name":"(anonymous_2)","decl":{"start":{"line":69,"column":29},"end":{"line":69,"column":34}},"loc":{"start":{"line":69,"column":34},"end":{"line":71,"column":5}}},"3":{"name":"(anonymous_3)","decl":{"start":{"line":73,"column":11},"end":{"line":73,"column":16}},"loc":{"start":{"line":73,"column":16},"end":{"line":124,"column":5}}},"4":{"name":"(anonymous_4)","decl":{"start":{"line":77,"column":24},"end":{"line":77,"column":29}},"loc":{"start":{"line":77,"column":29},"end":{"line":79,"column":7}}},"5":{"name":"(anonymous_5)","decl":{"start":{"line":80,"column":27},"end":{"line":80,"column":32}},"loc":{"start":{"line":80,"column":32},"end":{"line":82,"column":7}}},"6":{"name":"(anonymous_6)","decl":{"start":{"line":83,"column":23},"end":{"line":83,"column":28}},"loc":{"start":{"line":83,"column":28},"end":{"line":85,"column":7}}},"7":{"name":"(anonymous_7)","decl":{"start":{"line":86,"column":25},"end":{"line":86,"column":30}},"loc":{"start":{"line":86,"column":30},"end":{"line":88,"column":7}}},"8":{"name":"(anonymous_8)","decl":{"start":{"line":96,"column":32},"end":{"line":96,"column":null}},"loc":{"start":{"line":96,"column":32},"end":{"line":96,"column":null}}},"9":{"name":"(anonymous_9)","decl":{"start":{"line":103,"column":35},"end":{"line":103,"column":null}},"loc":{"start":{"line":103,"column":35},"end":{"line":103,"column":null}}},"10":{"name":"(anonymous_10)","decl":{"start":{"line":110,"column":33},"end":{"line":110,"column":null}},"loc":{"start":{"line":110,"column":33},"end":{"line":110,"column":null}}},"11":{"name":"(anonymous_11)","decl":{"start":{"line":117,"column":31},"end":{"line":117,"column":null}},"loc":{"start":{"line":117,"column":31},"end":{"line":117,"column":null}}},"12":{"name":"(anonymous_12)","decl":{"start":{"line":131,"column":2},"end":{"line":131,"column":7}},"loc":{"start":{"line":131,"column":13},"end":{"line":275,"column":null}}},"13":{"name":"(anonymous_13)","decl":{"start":{"line":135,"column":34},"end":{"line":135,"column":35}},"loc":{"start":{"line":135,"column":72},"end":{"line":145,"column":5}}},"14":{"name":"(anonymous_14)","decl":{"start":{"line":148,"column":23},"end":{"line":148,"column":36}},"loc":{"start":{"line":148,"column":40},"end":{"line":153,"column":5}}},"15":{"name":"(anonymous_15)","decl":{"start":{"line":155,"column":26},"end":{"line":155,"column":39}},"loc":{"start":{"line":155,"column":43},"end":{"line":160,"column":5}}},"16":{"name":"(anonymous_16)","decl":{"start":{"line":162,"column":22},"end":{"line":162,"column":35}},"loc":{"start":{"line":162,"column":39},"end":{"line":169,"column":5}}},"17":{"name":"(anonymous_17)","decl":{"start":{"line":171,"column":24},"end":{"line":171,"column":37}},"loc":{"start":{"line":171,"column":41},"end":{"line":178,"column":5}}},"18":{"name":"(anonymous_18)","decl":{"start":{"line":184,"column":11},"end":{"line":184,"column":16}},"loc":{"start":{"line":184,"column":16},"end":{"line":274,"column":5}}},"19":{"name":"(anonymous_19)","decl":{"start":{"line":197,"column":27},"end":{"line":197,"column":28}},"loc":{"start":{"line":197,"column":59},"end":{"line":216,"column":9}}},"20":{"name":"(anonymous_20)","decl":{"start":{"line":210,"column":25},"end":{"line":210,"column":31}},"loc":{"start":{"line":210,"column":35},"end":{"line":212,"column":15}}},"21":{"name":"(anonymous_21)","decl":{"start":{"line":221,"column":28},"end":{"line":221,"column":29}},"loc":{"start":{"line":221,"column":50},"end":{"line":239,"column":null}}},"22":{"name":"(anonymous_22)","decl":{"start":{"line":227,"column":30},"end":{"line":227,"column":null}},"loc":{"start":{"line":227,"column":30},"end":{"line":239,"column":null}}},"23":{"name":"(anonymous_23)","decl":{"start":{"line":236,"column":25},"end":{"line":236,"column":31}},"loc":{"start":{"line":236,"column":35},"end":{"line":238,"column":15}}},"24":{"name":"(anonymous_24)","decl":{"start":{"line":247,"column":11},"end":{"line":247,"column":17}},"loc":{"start":{"line":247,"column":23},"end":{"line":247,"column":45}}},"25":{"name":"(anonymous_25)","decl":{"start":{"line":263,"column":26},"end":{"line":263,"column":27}},"loc":{"start":{"line":263,"column":64},"end":{"line":265,"column":17}}}},"branchMap":{"0":{"loc":{"start":{"line":67,"column":13},"end":{"line":67,"column":79}},"type":"cond-expr","locations":[{"start":{"line":67,"column":42},"end":{"line":67,"column":68}},{"start":{"line":67,"column":71},"end":{"line":67,"column":79}}]},"1":{"loc":{"start":{"line":70,"column":13},"end":{"line":70,"column":54}},"type":"cond-expr","locations":[{"start":{"line":70,"column":42},"end":{"line":70,"column":49}},{"start":{"line":70,"column":52},"end":{"line":70,"column":54}}]},"2":{"loc":{"start":{"line":91,"column":40},"end":{"line":91,"column":72}},"type":"binary-expr","locations":[{"start":{"line":91,"column":40},"end":{"line":91,"column":53}},{"start":{"line":91,"column":57},"end":{"line":91,"column":72}}]},"3":{"loc":{"start":{"line":139,"column":19},"end":{"line":139,"column":57}},"type":"cond-expr","locations":[{"start":{"line":139,"column":42},"end":{"line":139,"column":47}},{"start":{"line":139,"column":50},"end":{"line":139,"column":57}}]},"4":{"loc":{"start":{"line":142,"column":19},"end":{"line":142,"column":45}},"type":"cond-expr","locations":[{"start":{"line":142,"column":38},"end":{"line":142,"column":39}},{"start":{"line":142,"column":42},"end":{"line":142,"column":45}}]},"5":{"loc":{"start":{"line":150,"column":23},"end":{"line":150,"column":56}},"type":"cond-expr","locations":[{"start":{"line":150,"column":46},"end":{"line":150,"column":51}},{"start":{"line":150,"column":54},"end":{"line":150,"column":56}}]},"6":{"loc":{"start":{"line":157,"column":23},"end":{"line":157,"column":56}},"type":"cond-expr","locations":[{"start":{"line":157,"column":46},"end":{"line":157,"column":51}},{"start":{"line":157,"column":54},"end":{"line":157,"column":56}}]},"7":{"loc":{"start":{"line":163,"column":6
[...]
,"C:\\Users\\Admin\\Searches\\Desktop\\前端学习\\Vue.js\\project5-json-schema-form\\vue3-json-schema-form\\src\\lib\\theme-default\\Widgets\\CheckboxWidget.tsx": {"path":"C:\\Users\\Admin\\Searches\\Desktop\\前端学习\\Vue.js\\project5-json-schema-form\\vue3-json-schema-form\\src\\lib\\theme-default\\Widgets\\CheckboxWidget.tsx","statementMap":{"0":{"start":{"line":1,"column":0},"end":{"line":1,"column":null}},"1":{"start":{"line":2,"column":0},"end":{"line":2,"column":null}},"2":{"start":{"line":3,"column":0},"end":{"line":3,"column":null}},"3":{"start":{"line":4,"column":0},"end":{"line":53,"column":null}},"4":{"start":{"line":9,"column":24},"end":{"line":9,"column":46}},"5":{"start":{"line":11,"column":6},"end":{"line":15,"column":null}},"6":{"start":{"line":13,"column":10},"end":{"line":13,"column":null}},"7":{"start":{"line":27,"column":6},"end":{"line":39,"column":null}},"8":{"start":{"line":29,"column":10},"end":{"line":29,"column":null}},"9":{"start":{"line":33,"column":12},"end":{"line":33,"column":null}},"10":{"start":{"line":40,"column":6},"end":{"line":50,"column":null}},"11":{"start":{"line":41,"column":28},"end":{"line":41,"column":33}},"12":{"start":{"line":43,"column":8},"end":{"line":47,"column":null}},"13":{"start":{"line":44,"column":38},"end":{"line":44,"column":null}},"14":{"start":{"line":44,"column":53},"end":{"line":47,"column":null}},"15":{"start":{"line":46,"column":14},"end":{"line":46,"column":null}}},"fnMap":{"0":{"name":"(anonymous_0)","decl":{"start":{"line":8,"column":4},"end":{"line":8,"column":9}},"loc":{"start":{"line":8,"column":15},"end":{"line":51,"column":null}}},"1":{"name":"(anonymous_1)","decl":{"start":{"line":11,"column":23},"end":{"line":11,"column":24}},"loc":{"start":{"line":11,"column":48},"end":{"line":15,"column":7}}},"2":{"name":"(anonymous_2)","decl":{"start":{"line":28,"column":8},"end":{"line":28,"column":13}},"loc":{"start":{"line":28,"column":13},"end":{"line":30,"column":9}}},"3":{"name":"(anonymous_3)","decl":{"start":{"line":31,"column":8},"end":{"line":31,"column":13}},"loc":{"start":{"line":31,"column":13},"end":{"line":35,"column":9}}},"4":{"name":"(anonymous_4)","decl":{"start":{"line":40,"column":13},"end":{"line":40,"column":18}},"loc":{"start":{"line":40,"column":18},"end":{"line":50,"column":7}}},"5":{"name":"(anonymous_5)","decl":{"start":{"line":44,"column":53},"end":{"line":44,"column":null}},"loc":{"start":{"line":44,"column":38},"end":{"line":44,"column":null}}},"6":{"name":"(anonymous_7)","decl":{"start":{"line":45,"column":27},"end":{"line":45,"column":30}},"loc":{"start":{"line":45,"column":34},"end":{"line":47,"column":13}}}},"branchMap":{"0":{"loc":{"start":{"line":9,"column":28},"end":{"line":9,"column":45}},"type":"binary-expr","locations":[{"start":{"line":9,"column":28},"end":{"line":9,"column":39}},{"start":{"line":9,"column":43},"end":{"line":9,"column":45}}]}},"s":{"0":4,"1":4,"2":4,"3":4,"4":1,"5":1,"6":0,"7":1,"8":1,"9":0,"10":1,"11":1,"12":1,"13":0,"14":1,"15":4},"f":{"0":1,"1":0,"2":1,"3":0,"4":1,"5":1,"6":4},"b":{"0":[1,0]}}
,"C:\\Users\\Admin\\Searches\\Desktop\\前端学习\\Vue.js\\project5-json-schema-form\\vue3-json-schema-form\\src\\lib\\theme-default\\Widgets\\IntegerWidget.tsx": {"path":"C:\\Users\\Admin\\Searches\\Desktop\\前端学习\\Vue.js\\project5-json-schema-form\\vue3-json-schema-form\\src\\lib\\theme-default\\Widgets\\IntegerWidget.tsx","statementMap":{"0":{"start":{"line":1,"column":0},"end":{"line":1,"column":null}},"1":{"start":{"line":2,"column":0},"end":{"line":2,"column":null}},"2":{"start":{"line":3,"column":0},"end":{"line":3,"column":null}},"3":{"start":{"line":4,"column":0},"end":{"line":30,"column":null}},"4":{"start":{"line":10,"column":28},"end":{"line":18,"column":7}},"5":{"start":{"line":11,"column":20},"end":{"line":11,"column":29}},"6":{"start":{"line":12,"column":8},"end":{"line":12,"column":null}},"7":{"start":{"line":14,"column":10},"end":{"line":14,"column":null}},"8":{"start":{"line":16,"column":10},"end":{"line":16,"column":null}},"9":{"start":{"line":20,"column":6},"end":{"line":27,"column":null}},"10":{"start":{"line":23,"column":8},"end":{"line":23,"column":null}},"11":{"start":{"line":24,"column":8},"end":{"line":25,"column":null}},"12":{"start":{"line":25,"column":67},"end":{"line":25,"column":null}}},"fnMap":{"0":{"name":"(anonymous_0)","decl":{"start":{"line":8,"column":4},"end":{"line":8,"column":9}},"loc":{"start":{"line":8,"column":15},"end":{"line":28,"column":null}}},"1":{"name":"(anonymous_1)","decl":{"start":{"line":10,"column":28},"end":{"line":10,"column":34}},"loc":{"start":{"line":10,"column":38},"end":{"line":18,"column":7}}},"2":{"name":"(anonymous_2)","decl":{"start":{"line":20,"column":13},"end":{"line":20,"column":18}},"loc":{"start":{"line":20,"column":18},"end":{"line":27,"column":7}}},"3":{"name":"(anonymous_3)","decl":{"start":{"line":25,"column":72},"end":{"line":25,"column":null}},"loc":{"start":{"line":25,"column":67},"end":{"line":25,"column":null}}}},"branchMap":{},"s":{"0":4,"1":4,"2":4,"3":4,"4":2,"5":0,"6":0,"7":0,"8":0,"9":2,"10":3,"11":3,"12":0},"f":{"0":2,"1":0,"2":3,"3":0},"b":{}}
,"C:\\Users\\Admin\\Searches\\Desktop\\前端学习\\Vue.js\\project5-json-schema-form\\vue3-json-schema-form\\src\\lib\\theme-default\\Widgets\\NumberWidget.tsx": {"path":"C:\\Users\\Admin\\Searches\\Desktop\\前端学习\\Vue.js\\project5-json-schema-form\\vue3-json-schema-form\\src\\lib\\theme-default\\Widgets\\NumberWidget.tsx","statementMap":{"0":{"start":{"line":1,"column":0},"end":{"line":1,"column":null}},"1":{"start":{"line":2,"column":0},"end":{"line":2,"column":null}},"2":{"start":{"line":3,"column":0},"end":{"line":3,"column":null}},"3":{"start":{"line":4,"column":0},"end":{"line":32,"column":null}},"4":{"start":{"line":10,"column":28},"end":{"line":18,"column":7}},"5":{"start":{"line":11,"column":20},"end":{"line":11,"column":29}},"6":{"start":{"line":12,"column":8},"end":{"line":12,"column":null}},"7":{"start":{"line":14,"column":10},"end":{"line":14,"column":null}},"8":{"start":{"line":16,"column":10},"end":{"line":16,"column":null}},"9":{"start":{"line":20,"column":6},"end":{"line":29,"column":null}},"10":{"start":{"line":23,"column":8},"end":{"line":23,"column":null}},"11":{"start":{"line":24,"column":8},"end":{"line":26,"column":null}},"12":{"start":{"line":26,"column":68},"end":{"line":26,"column":null}}},"fnMap":{"0":{"name":"(anonymous_0)","decl":{"start":{"line":8,"column":4},"end":{"line":8,"column":9}},"loc":{"start":{"line":8,"column":15},"end":{"line":30,"column":null}}},"1":{"name":"(anonymous_1)","decl":{"start":{"line":10,"column":28},"end":{"line":10,"column":34}},"loc":{"start":{"line":10,"column":38},"end":{"line":18,"column":7}}},"2":{"name":"(anonymous_2)","decl":{"start":{"line":20,"column":13},"end":{"line":20,"column":18}},"loc":{"start":{"line":20,"column":18},"end":{"line":29,"column":7}}},"3":{"name":"(anonymous_3)","decl":{"start":{"line":26,"column":73},"end":{"line":26,"column":null}},"loc":{"start":{"line":26,"column":68},"end":{"line":26,"column":null}}}},"branchMap":{},"s":{"0":4,"1":4,"2":4,"3":4,"4":8,"5":0,"6":0,"7":0,"8":0,"9":8,"10":13,"11":13,"12":0},"f":{"0":8,"1":0,"2":13,"3":0},"b":{}}
,"C:\\Users\\Admin\\Searches\\Desktop\\前端学习\\Vue.js\\project5-json-schema-form\\vue3-json-schema-form\\src\\lib\\theme-default\\Widgets\\RadioWidget.tsx": {"path":"C:\\Users\\Admin\\Searches\\Desktop\\前端学习\\Vue.js\\project5-json-schema-form\\vue3-json-schema-form\\src\\lib\\theme-default\\Widgets\\RadioWidget.tsx","statementMap":{"0":{"start":{"line":1,"column":0},"end":{"line":1,"column":null}},"1":{"start":{"line":2,"column":0},"end":{"line":2,"column":null}},"2":{"start":{"line":3,"column":0},"end":{"line":3,"column":null}},"3":{"start":{"line":4,"column":0},"end":{"line":41,"column":null}},"4":{"start":{"line":9,"column":24},"end":{"line":9,"column":65}},"5":{"start":{"line":10,"column":6},"end":{"line":14,"column":null}},"6":{"start":{"line":12,"column":10},"end":{"line":12,"column":null}},"7":{"start":{"line":16,"column":6},"end":{"line":25,"column":null}},"8":{"start":{"line":18,"column":10},"end":{"line":18,"column":null}},"9":{"start":{"line":22,"column":12},"end":{"line":22,"column":null}},"10":{"start":{"line":27,"column":6},"end":{"line":38,"column":null}},"11":{"start":{"line":28,"column":28},"end":{"line":28,"column":33}},"12":{"start":{"line":29,"column":23},"end":{"line":29,"column":38}},"13":{"start":{"line":31,"column":8},"end":{"line":35,"column":null}},"14":{"start":{"line":32,"column":35},"end":{"line":32,"column":null}},"15":{"start":{"line":32,"column":44},"end":{"line":35,"column":null}},"16":{"start":{"line":34,"column":14},"end":{"line":34,"column":null}},"17":{"start":{"line":34,"column":49},"end":{"line":34,"column":null}}},"fnMap":{"0":{"name":"(anonymous_0)","decl":{"start":{"line":8,"column":4},"end":{"line":8,"column":9}},"loc":{"start":{"line":8,"column":15},"end":{"line":39,"column":null}}},"1":{"name":"(anonymous_1)","decl":{"start":{"line":10,"column":23},"end":{"line":10,"column":24}},"loc":{"start":{"line":10,"column":48},"end":{"line":14,"column":7}}},"2":{"name":"(anonymous_2)","decl":{"start":{"line":17,"column":8},"end":{"line":17,"column":13}},"loc":{"start":{"line":17,"column":13},"end":{"line":19,"column":9}}},"3":{"name":"(anonymous_3)","decl":{"start":{"line":20,"column":9},"end":{"line":20,"column":17}},"loc":{"start":{"line":20,"column":21},"end":{"line":24,"column":9}}},"4":{"name":"(anonymous_4)","decl":{"start":{"line":27,"column":13},"end":{"line":27,"column":18}},"loc":{"start":{"line":27,"column":18},"end":{"line":38,"column":7}}},"5":{"name":"(anonymous_5)","decl":{"start":{"line":32,"column":44},"end":{"line":32,"column":null}},"loc":{"start":{"line":32,"column":35},"end":{"line":32,"column":null}}},"6":{"name":"(anonymous_7)","decl":{"start":{"line":33,"column":27},"end":{"line":33,"column":32}},"loc":{"start":{"line":33,"column":36},"end":{"line":35,"column":13}}},"7":{"name":"(anonymous_8)","decl":{"start":{"line":34,"column":49},"end":{"line":34,"column":52}},"loc":{"start":{"line":34,"column":49},"end":{"line":34,"column":null}}}},"branchMap":{"0":{"loc":{"start":{"line":9,"column":29},"end":{"line":9,"column":64}},"type":"binary-expr","locations":[{"start":{"line":9,"column":29},"end":{"line":9,"column":58}},{"start":{"line":9,"column":62},"end":{"line":9,"column":64}}]}},"s":{"0":4,"1":4,"2":4,"3":4,"4":1,"5":1,"6":0,"7":1,"8":1,"9":0,"10":1,"11":1,"12":1,"13":1,"14":0,"15":1,"16":3,"17":3},"f":{"0":1,"1":0,"2":1,"3":0,"4":1,"5":1,"6":3,"7":3},"b":{"0":[1,0]}}
,"C:\\Users\\Admin\\Searches\\Desktop\\前端学习\\Vue.js\\project5-json-schema-form\\vue3-json-schema-form\\src\\lib\\theme-default\\Widgets\\SelectWidget.tsx": {"path":"C:\\Users\\Admin\\Searches\\Desktop\\前端学习\\Vue.js\\project5-json-schema-form\\vue3-json-schema-form\\src\\lib\\theme-default\\Widgets\\SelectWidget.tsx","statementMap":{"0":{"start":{"line":1,"column":0},"end":{"line":1,"column":null}},"1":{"start":{"line":2,"column":0},"end":{"line":2,"column":null}},"2":{"start":{"line":3,"column":0},"end":{"line":3,"column":null}},"3":{"start":{"line":4,"column":0},"end":{"line":43,"column":null}},"4":{"start":{"line":10,"column":22},"end":{"line":10,"column":45}},"5":{"start":{"line":11,"column":6},"end":{"line":15,"column":null}},"6":{"start":{"line":13,"column":10},"end":{"line":13,"column":null}},"7":{"start":{"line":17,"column":6},"end":{"line":29,"column":null}},"8":{"start":{"line":19,"column":10},"end":{"line":19,"column":null}},"9":{"start":{"line":23,"column":12},"end":{"line":23,"column":null}},"10":{"start":{"line":30,"column":6},"end":{"line":40,"column":null}},"11":{"start":{"line":31,"column":28},"end":{"line":31,"column":33}},"12":{"start":{"line":33,"column":8},"end":{"line":37,"column":null}},"13":{"start":{"line":34,"column":30},"end":{"line":34,"column":null}},"14":{"start":{"line":34,"column":45},"end":{"line":37,"column":null}},"15":{"start":{"line":36,"column":14},"end":{"line":36,"column":null}}},"fnMap":{"0":{"name":"(anonymous_0)","decl":{"start":{"line":8,"column":4},"end":{"line":8,"column":9}},"loc":{"start":{"line":8,"column":15},"end":{"line":41,"column":null}}},"1":{"name":"(anonymous_1)","decl":{"start":{"line":11,"column":23},"end":{"line":11,"column":24}},"loc":{"start":{"line":11,"column":48},"end":{"line":15,"column":7}}},"2":{"name":"(anonymous_2)","decl":{"start":{"line":18,"column":8},"end":{"line":18,"column":13}},"loc":{"start":{"line":18,"column":13},"end":{"line":20,"column":9}}},"3":{"name":"(anonymous_3)","decl":{"start":{"line":21,"column":8},"end":{"line":21,"column":13}},"loc":{"start":{"line":21,"column":13},"end":{"line":25,"column":9}}},"4":{"name":"(anonymous_4)","decl":{"start":{"line":30,"column":13},"end":{"line":30,"column":18}},"loc":{"start":{"line":30,"column":18},"end":{"line":40,"column":7}}},"5":{"name":"(anonymous_5)","decl":{"start":{"line":34,"column":45},"end":{"line":34,"column":null}},"loc":{"start":{"line":34,"column":30},"end":{"line":34,"column":null}}},"6":{"name":"(anonymous_7)","decl":{"start":{"line":35,"column":27},"end":{"line":35,"column":30}},"loc":{"start":{"line":35,"column":34},"end":{"line":37,"column":13}}}},"branchMap":{},"s":{"0":4,"1":4,"2":4,"3":4,"4":3,"5":3,"6":0,"7":3,"8":3,"9":0,"10":3,"11":3,"12":3,"13":0,"14":3,"15":9},"f":{"0":3,"1":0,"2":3,"3":0,"4":3,"5":3,"6":9},"b":{}}
,"C:\\Users\\Admin\\Searches\\Desktop\\前端学习\\Vue.js\\project5-json-schema-form\\vue3-json-schema-form\\src\\lib\\theme-default\\Widgets\\TextWidget.tsx": {"path":"C:\\Users\\Admin\\Searches\\Desktop\\前端学习\\Vue.js\\project5-json-schema-form\\vue3-json-schema-form\\src\\lib\\theme-default\\Widgets\\TextWidget.tsx","statementMap":{"0":{"start":{"line":1,"column":0},"end":{"line":1,"column":null}},"1":{"start":{"line":2,"column":0},"end":{"line":2,"column":null}},"2":{"start":{"line":3,"column":0},"end":{"line":3,"column":null}},"3":{"start":{"line":4,"column":0},"end":{"line":26,"column":null}},"4":{"start":{"line":10,"column":28},"end":{"line":12,"column":7}},"5":{"start":{"line":11,"column":8},"end":{"line":11,"column":null}},"6":{"start":{"line":14,"column":6},"end":{"line":23,"column":null}},"7":{"start":{"line":17,"column":8},"end":{"line":17,"column":null}},"8":{"start":{"line":18,"column":8},"end":{"line":20,"column":null}},"9":{"start":{"line":20,"column":66},"end":{"line":20,"column":null}}},"fnMap":{"0":{"name":"(anonymous_0)","decl":{"start":{"line":8,"column":4},"end":{"line":8,"column":9}},"loc":{"start":{"line":8,"column":15},"end":{"line":24,"column":null}}},"1":{"name":"(anonymous_1)","decl":{"start":{"line":10,"column":28},"end":{"line":10,"column":34}},"loc":{"start":{"line":10,"column":38},"end":{"line":12,"column":7}}},"2":{"name":"(anonymous_2)","decl":{"start":{"line":14,"column":13},"end":{"line":14,"column":18}},"loc":{"start":{"line":14,"column":18},"end":{"line":23,"column":7}}},"3":{"name":"(anonymous_3)","decl":{"start":{"line":20,"column":71},"end":{"line":20,"column":null}},"loc":{"start":{"line":20,"column":66},"end":{"line":20,"column":null}}}},"branchMap":{},"s":{"0":4,"1":4,"2":4,"3":4,"4":10,"5":0,"6":10,"7":12,"8":12,"9":0},"f":{"0":10,"1":0,"2":12,"3":0},"b":{}}
,"C:\\Users\\Admin\\Searches\\Desktop\\前端学习\\Vue.js\\project5-json-schema-form\\vue3-json-schema-form\\tests\\unit\\TestComponent.tsx": {"path":"C:\\Users\\Admin\\Searches\\Desktop\\前端学习\\Vue.js\\project5-json-schema-form\\vue3-json-schema-form\\tests\\unit\\TestComponent.tsx","statementMap":{"0":{"start":{"line":1,"column":0},"end":{"line":1,"column":null}},"1":{"start":{"line":2,"column":0},"end":{"line":2,"column":null}},"2":{"start":{"line":3,"column":0},"end":{"line":3,"column":null}},"3":{"start":{"line":4,"column":0},"end":{"line":4,"column":null}},"4":{"start":{"line":6,"column":26},"end":{"line":17,"column":2}},"5":{"start":{"line":9,"column":4},"end":{"line":15,"column":null}},"6":{"start":{"line":10,"column":6},"end":{"line":12,"column":null}},"7":{"start":{"line":11,"column":42},"end":{"line":12,"column":null}},"8":{"start":{"line":19,"column":0},"end":{"line":52,"column":null}},"9":{"start":{"line":35,"column":28},"end":{"line":35,"column":33}},"10":{"start":{"line":36,"column":4},"end":{"line":50,"column":null}},"11":{"start":{"line":38,"column":8},"end":{"line":40,"column":null}},"12":{"start":{"line":39,"column":10},"end":{"line":39,"column":null}},"13":{"start":{"line":42,"column":6},"end":{"line":45,"column":null}}},"fnMap":{"0":{"name":"(anonymous_1)","decl":{"start":{"line":7,"column":2},"end":{"line":7,"column":7}},"loc":{"start":{"line":7,"column":24},"end":{"line":16,"column":null}}},"1":{"name":"(anonymous_2)","decl":{"start":{"line":9,"column":11},"end":{"line":9,"column":16}},"loc":{"start":{"line":9,"column":16},"end":{"line":15,"column":5}}},"2":{"name":"(anonymous_3)","decl":{"start":{"line":11,"column":42},"end":{"line":11,"column":null}},"loc":{"start":{"line":11,"column":42},"end":{"line":12,"column":null}}},"3":{"name":"(anonymous_4)","decl":{"start":{"line":34,"column":2},"end":{"line":34,"column":7}},"loc":{"start":{"line":34,"column":13},"end":{"line":51,"column":null}}},"4":{"name":"(anonymous_5)","decl":{"start":{"line":36,"column":11},"end":{"line":36,"column":16}},"loc":{"start":{"line":36,"column":16},"end":{"line":50,"column":5}}},"5":{"name":"valideForm","decl":{"start":{"line":37,"column":15},"end":{"line":37,"column":25}},"loc":{"start":{"line":37,"column":25},"end":{"line":41,"column":null}}},"6":{"name":"(anonymous_7)","decl":{"start":{"line":38,"column":44},"end":{"line":38,"column":55}},"loc":{"start":{"line":38,"column":59},"end":{"line":40,"column":9}}},"7":{"name":"(anonymous_8)","decl":{"start":{"line":42,"column":6},"end":{"line":42,"column":null}},"loc":{"start":{"line":42,"column":6},"end":{"line":45,"column":null}}}},"branchMap":{"0":{"loc":{"start":{"line":12,"column":11},"end":{"line":12,"column":43}},"type":"binary-expr","locations":[{"start":{"line":12,"column":11},"end":{"line":12,"column":24}},{"start":{"line":12,"column":28},"end":{"line":12,"column":43}}]}},"s":{"0":4,"1":4,"2":4,"3":4,"4":4,"5":12,"6":13,"7":13,"8":4,"9":12,"10":12,"11":0,"12":0,"13":26},"f":{"0":12,"1":13,"2":13,"3":12,"4":13,"5":0,"6":0,"7":13},"b":{"0":[13,13]}}
}
