TN:
SF:src\lib\SchemaForm.tsx
FN:69,(anonymous_1)
FN:70,(anonymous_2)
FN:75,(anonymous_3)
FN:80,(anonymous_4)
FN:121,(anonymous_5)
FN:133,(anonymous_6)
FN:142,(anonymous_7)
FN:151,newValidate
FN:171,(anonymous_9)
FN:174,(anonymous_10)
FN:177,(anonymous_11)
FN:178,(anonymous_12)
FN:192,(anonymous_13)
FN:193,(anonymous_14)
FN:201,(anonymous_15)
FNF:15
FNH:8
FNDA:12,(anonymous_1)
FNDA:3,(anonymous_2)
FNDA:0,(anonymous_3)
FNDA:0,(anonymous_4)
FNDA:12,(anonymous_5)
FNDA:0,(anonymous_6)
FNDA:0,(anonymous_7)
FNDA:0,newValidate
FNDA:12,(anonymous_9)
FNDA:12,(anonymous_10)
FNDA:0,(anonymous_11)
FNDA:0,(anonymous_12)
FNDA:15,(anonymous_13)
FNDA:3,(anonymous_14)
FNDA:13,(anonymous_15)
DA:1,4
DA:20,4
DA:21,4
DA:22,4
DA:24,4
DA:26,4
DA:70,12
DA:71,3
DA:75,12
DA:77,0
DA:80,0
DA:81,0
DA:82,0
DA:85,0
DA:109,12
DA:114,12
DA:117,12
DA:118,12
DA:119,12
DA:121,12
DA:122,12
DA:129,0
DA:133,0
DA:134,0
DA:139,0
DA:142,0
DA:143,0
DA:148,12
DA:149,12
DA:152,0
DA:153,0
DA:154,0
DA:161,0
DA:162,0
DA:164,0
DA:166,0
DA:167,0
DA:170,12
DA:172,12
DA:176,12
DA:178,0
DA:179,0
DA:180,0
DA:191,12
DA:192,15
DA:195,0
DA:201,12
DA:202,13
DA:203,13
DA:205,13
LF:50
LH:27
BRDA:77,0,0,0
BRDA:77,0,1,0
BRDA:129,1,0,0
BRDA:129,1,1,0
BRDA:139,2,0,0
BRDA:139,2,1,0
BRDA:161,3,0,0
BRDA:212,4,0,13
BRDA:212,4,1,13
BRF:9
BRH:2
end_of_record
TN:
SF:src\lib\SchemaItem.tsx
FN:26,(anonymous_1)
FN:28,(anonymous_2)
FN:38,(anonymous_3)
FN:44,(anonymous_4)
FN:52,(anonymous_5)
FNF:5
FNH:5
FNDA:37,(anonymous_1)
FNDA:43,(anonymous_2)
FNDA:5,(anonymous_3)
FNDA:47,(anonymous_4)
FNDA:47,(anonymous_5)
DA:1,4
DA:3,4
DA:5,4
DA:6,4
DA:7,4
DA:8,4
DA:9,4
DA:10,4
DA:11,4
DA:14,4
DA:15,4
DA:17,4
DA:22,4
DA:28,37
DA:29,43
DA:34,43
DA:36,43
DA:38,37
DA:39,5
DA:44,37
DA:45,47
DA:51,37
DA:52,37
DA:53,47
DA:54,47
DA:63,47
DA:64,47
DA:65,47
DA:67,47
DA:71,2
DA:72,2
DA:74,45
DA:76,12
DA:77,12
DA:79,13
DA:80,13
DA:82,8
DA:83,8
DA:85,6
DA:86,6
DA:88,3
DA:89,3
DA:91,3
DA:92,3
DA:94,0
DA:98,47
LF:46
LH:45
BRDA:70,0,0,47
BRDA:70,0,1,45
BRDA:72,1,0,2
BRDA:72,1,1,0
BRDA:72,1,2,0
BRDA:74,2,0,12
BRDA:74,2,1,13
BRDA:74,2,2,8
BRDA:74,2,3,6
BRDA:74,2,4,3
BRDA:74,2,5,3
BRDA:74,2,6,0
BRDA:100,3,0,0
BRDA:100,3,1,47
BRDA:105,4,0,47
BRDA:105,4,1,0
BRDA:106,5,0,47
BRDA:106,5,1,0
BRF:18
BRH:12
end_of_record
TN:
SF:src\lib\context.ts
FN:6,useVJSFContext
FNF:1
FNH:1
FNDA:66,useVJSFContext
DA:1,4
DA:4,4
DA:6,4
DA:14,66
DA:16,0
DA:19,66
LF:6
LH:5
BRF:0
BRH:0
end_of_record
TN:
SF:src\lib\index.ts
FN:25,(anonymous_1)
FNF:1
FNH:0
FNDA:0,(anonymous_1)
DA:1,4
DA:2,4
DA:3,4
DA:4,4
DA:5,4
DA:6,4
DA:7,4
DA:8,4
DA:9,4
DA:10,4
DA:11,4
DA:12,4
DA:13,4
DA:15,4
DA:16,4
DA:17,4
DA:18,4
DA:19,4
DA:20,4
DA:21,4
DA:22,4
DA:23,4
DA:24,4
DA:25,4
LF:24
LH:24
BRF:0
BRH:0
end_of_record
TN:
SF:src\lib\theme.tsx
FN:23,(anonymous_0)
FN:24,(anonymous_1)
FN:27,(anonymous_2)
FN:31,(anonymous_3)
FN:37,getWidget
FN:60,(anonymous_5)
FNF:6
FNH:6
FNDA:12,(anonymous_0)
FNDA:12,(anonymous_1)
FNDA:13,(anonymous_2)
FNDA:13,(anonymous_3)
FNDA:51,getWidget
FNDA:51,(anonymous_5)
DA:1,4
DA:12,4
DA:13,4
DA:15,4
DA:16,4
DA:24,12
DA:26,12
DA:27,12
DA:28,13
DA:31,26
DA:37,4
DA:42,51
DA:44,51
DA:47,0
DA:52,0
DA:56,51
DA:58,0
DA:60,51
DA:61,51
DA:64,51
LF:20
LH:17
BRDA:28,0,0,13
BRDA:28,0,1,0
BRDA:31,1,0,13
BRDA:31,1,1,13
BRDA:46,2,0,51
BRDA:46,2,1,0
BRF:6
BRH:4
end_of_record
TN:
SF:src\lib\types.ts
FN:10,(anonymous_0)
FN:150,(anonymous_1)
FNF:2
FNH:2
FNDA:4,(anonymous_0)
FNDA:4,(anonymous_1)
DA:1,4
DA:10,4
DA:11,4
DA:12,4
DA:13,4
DA:14,4
DA:15,4
DA:16,4
DA:58,4
DA:92,4
DA:107,4
DA:129,4
DA:135,4
DA:143,4
DA:150,4
DA:151,4
DA:152,4
DA:153,4
DA:154,4
DA:155,4
DA:156,4
DA:157,4
LF:22
LH:22
BRDA:10,0,0,4
BRDA:10,0,1,4
BRDA:150,1,0,4
BRDA:150,1,1,4
BRF:4
BRH:4
end_of_record
TN:
SF:src\lib\utils.ts
FN:9,isObject
FN:13,isEmptyObject
FN:17,hasOwnProperty
FN:30,validateData
FN:40,resolveSchema
FN:52,(anonymous_6)
FN:62,retrieveSchema
FN:103,stubExistingAdditionalProperties
FN:114,(anonymous_9)
FN:155,resolveReference
FN:164,findSchemaDefinition
FN:186,resolveDependencies
FN:223,processDependentProperties
FN:254,processDependentSchema
FN:333,withDependentProperties
FN:338,(anonymous_16)
FN:349,withDependentSchema
FN:371,(anonymous_18)
FN:385,withExactlyOneSubschema
FN:392,(anonymous_20)
FN:432,mergeSchemas
FN:434,(anonymous_22)
FN:458,getSchemaType
FN:475,(anonymous_24)
FN:507,guessType
FN:525,isConstant
FN:532,isSelect
FN:538,(anonymous_28)
FN:543,isMultiSelect
FN:551,getMatchingOption
FN:566,(anonymous_31)
FN:610,mergeDefaultsWithFormData
FN:615,(anonymous_33)
FN:623,(anonymous_34)
FN:667,getPathVal
FN:678,handleExpression
FN:700,isHiddenWidget
FN:709,(anonymous_39)
FN:721,computedCurPath
FNF:39
FNH:16
FNDA:103,isObject
FNDA:0,isEmptyObject
FNDA:356,hasOwnProperty
FNDA:4,validateData
FNDA:92,resolveSchema
FNDA:0,(anonymous_6)
FNDA:92,retrieveSchema
FNDA:0,stubExistingAdditionalProperties
FNDA:0,(anonymous_9)
FNDA:2,resolveReference
FNDA:2,findSchemaDefinition
FNDA:4,resolveDependencies
FNDA:8,processDependentProperties
FNDA:0,processDependentSchema
FNDA:4,withDependentProperties
FNDA:3,(anonymous_16)
FNDA:0,withDependentSchema
FNDA:0,(anonymous_18)
FNDA:0,withExactlyOneSubschema
FNDA:0,(anonymous_20)
FNDA:0,mergeSchemas
FNDA:0,(anonymous_22)
FNDA:0,getSchemaType
FNDA:0,(anonymous_24)
FNDA:0,guessType
FNDA:0,isConstant
FNDA:0,isSelect
FNDA:0,(anonymous_28)
FNDA:0,isMultiSelect
FNDA:2,getMatchingOption
FNDA:4,(anonymous_31)
FNDA:0,mergeDefaultsWithFormData
FNDA:0,(anonymous_33)
FNDA:0,(anonymous_34)
FNDA:0,getPathVal
FNDA:47,handleExpression
FNDA:47,isHiddenWidget
FNDA:0,(anonymous_39)
FNDA:21,computedCurPath
DA:1,4
DA:5,4
DA:6,4
DA:7,4
DA:9,4
DA:10,103
DA:13,4
DA:14,0
DA:17,4
DA:22,356
DA:29,4
DA:30,4
DA:31,4
DA:32,4
DA:40,4
DA:42,2
DA:47,4
DA:48,4
DA:50,0
DA:53,0
DA:58,86
DA:62,4
DA:68,0
DA:70,92
DA:75,0
DA:81,0
DA:82,0
DA:83,0
DA:87,92
DA:91,0
DA:98,92
DA:101,4
DA:103,4
DA:109,0
DA:114,0
DA:117,0
DA:122,0
DA:128,0
DA:130,0
DA:134,0
DA:136,0
DA:139,0
DA:157,2
DA:159,2
DA:161,2
DA:164,4
DA:165,2
DA:167,2
DA:170,2
DA:172,0
DA:174,2
DA:177,0
DA:181,0
DA:183,2
DA:196,4
DA:198,0
DA:201,0
DA:205,4
DA:213,0
DA:220,0
DA:233,4
DA:240,0
DA:243,4
DA:244,4
DA:245,4
DA:252,4
DA:264,0
DA:271,0
DA:274,0
DA:275,0
DA:282,0
DA:289,0
DA:335,0
DA:338,4
DA:340,1
DA:343,4
DA:346,4
DA:357,0
DA:363,0
DA:366,0
DA:368,0
DA:371,0
DA:372,0
DA:376,0
DA:392,0
DA:394,0
DA:396,0
DA:398,0
DA:405,0
DA:406,0
DA:410,0
DA:413,0
DA:416,0
DA:418,0
DA:419,0
DA:420,0
DA:432,4
DA:433,0
DA:434,0
DA:435,0
DA:436,0
DA:438,0
DA:449,0
DA:451,0
DA:453,0
DA:458,4
DA:459,0
DA:462,0
DA:466,0
DA:470,0
DA:473,0
DA:475,0
DA:478,0
DA:507,4
DA:509,0
DA:511,0
DA:513,0
DA:515,0
DA:517,0
DA:519,0
DA:522,0
DA:525,4
DA:526,0
DA:532,4
DA:533,0
DA:534,0
DA:536,0
DA:538,0
DA:540,0
DA:543,4
DA:545,0
DA:547,0
DA:551,4
DA:552,2
DA:553,4
DA:565,4
DA:566,4
DA:576,0
DA:579,0
DA:582,0
DA:585,0
DA:587,0
DA:588,0
DA:590,4
DA:591,4
DA:596,4
DA:599,1
DA:600,1
DA:603,0
DA:604,0
DA:607,1
DA:610,4
DA:613,0
DA:615,0
DA:617,0
DA:619,0
DA:622,0
DA:623,0
DA:624,0
DA:628,0
DA:631,0
DA:635,4
DA:642,0
DA:645,0
DA:656,0
DA:659,0
DA:662,0
DA:664,0
DA:668,0
DA:669,0
DA:671,0
DA:672,0
DA:675,0
DA:677,4
DA:684,47
DA:687,0
DA:688,0
DA:690,0
DA:693,0
DA:695,0
DA:697,0
DA:700,4
DA:705,47
DA:706,47
DA:707,47
DA:711,0
DA:716,0
DA:721,4
DA:722,21
LF:189
LH:71
BRDA:10,0,0,103
BRDA:10,0,1,101
BRDA:10,0,2,100
BRDA:14,1,0,0
BRDA:14,1,1,0
BRDA:40,2,0,0
BRDA:40,3,0,0
BRDA:44,4,0,90
BRDA:44,4,1,86
BRDA:49,5,0,86
BRDA:49,5,1,0
BRDA:64,6,0,0
BRDA:65,7,0,26
BRDA:87,8,0,92
BRDA:87,8,1,0
BRDA:105,9,0,0
BRDA:106,10,0,0
BRDA:164,11,0,0
BRDA:193,12,0,0
BRDA:194,13,0,4
BRDA:237,14,0,4
BRDA:237,14,1,4
BRDA:268,15,0,0
BRDA:268,15,1,0
BRDA:334,16,0,4
BRDA:334,16,1,4
BRDA:343,17,0,0
BRDA:343,17,1,4
BRDA:372,18,0,0
BRDA:372,18,1,0
BRDA:406,19,0,0
BRDA:406,19,1,0
BRDA:435,20,0,0
BRDA:435,20,1,0
BRDA:437,21,0,0
BRDA:437,21,1,0
BRDA:437,21,2,0
BRDA:440,22,0,0
BRDA:440,22,1,0
BRDA:440,22,2,0
BRDA:440,22,3,0
BRDA:440,22,4,0
BRDA:440,22,5,0
BRDA:440,22,6,0
BRDA:461,23,0,0
BRDA:461,23,1,0
BRDA:465,24,0,0
BRDA:465,24,1,0
BRDA:469,25,0,0
BRDA:469,25,1,0
BRDA:469,25,2,0
BRDA:474,26,0,0
BRDA:474,26,1,0
BRDA:474,26,2,0
BRDA:527,27,0,0
BRDA:527,27,1,0
BRDA:527,27,2,0
BRDA:532,28,0,0
BRDA:534,29,0,0
BRDA:534,29,1,0
BRDA:543,30,0,0
BRDA:544,31,0,0
BRDA:544,31,1,0
BRDA:625,32,0,0
BRDA:625,32,1,0
BRDA:658,33,0,0
BRDA:658,33,1,0
BRDA:661,34,0,0
BRDA:661,34,1,0
BRDA:661,34,2,0
BRDA:664,35,0,0
BRDA:664,35,1,0
BRDA:667,36,0,0
BRDA:671,37,0,0
BRDA:672,38,0,0
BRDA:672,38,1,0
BRDA:684,39,0,47
BRDA:708,40,0,47
BRDA:708,40,1,47
BRDA:722,41,0,0
BRDA:722,41,1,21
BRF:81
BRH:18
end_of_record
TN:
SF:src\lib\validator.ts
FN:20,formatErrorList
FN:23,(anonymous_2)
FN:34,formatErrSchema
FN:37,(anonymous_4)
FN:67,validateFormData
FN:119,createErrorProxy
FN:122,(anonymous_7)
FN:124,(anonymous_8)
FN:144,mergeObjs
FN:146,(anonymous_10)
FNF:10
FNH:0
FNDA:0,formatErrorList
FNDA:0,(anonymous_2)
FNDA:0,formatErrSchema
FNDA:0,(anonymous_4)
FNDA:0,validateFormData
FNDA:0,createErrorProxy
FNDA:0,(anonymous_7)
FNDA:0,(anonymous_8)
FNDA:0,mergeObjs
FNDA:0,(anonymous_10)
DA:2,4
DA:5,4
DA:21,0
DA:23,0
DA:24,0
DA:35,0
DA:37,0
DA:38,0
DA:39,0
DA:40,0
DA:45,0
DA:50,0
DA:52,0
DA:56,0
DA:59,0
DA:63,0
DA:67,4
DA:74,0
DA:76,0
DA:78,0
DA:80,0
DA:82,0
DA:87,0
DA:88,0
DA:94,0
DA:97,0
DA:100,0
DA:106,0
DA:108,0
DA:110,0
DA:112,0
DA:120,0
DA:121,0
DA:124,0
DA:125,0
DA:127,0
DA:129,0
DA:133,0
DA:135,0
DA:136,0
DA:137,0
DA:139,0
DA:145,0
DA:146,0
DA:147,0
DA:148,0
DA:150,0
DA:152,0
DA:154,0
DA:156,0
LF:50
LH:3
BRDA:21,0,0,0
BRDA:21,1,0,0
BRDA:21,1,1,0
BRDA:35,2,0,0
BRDA:35,3,0,0
BRDA:35,3,1,0
BRDA:44,4,0,0
BRDA:44,4,1,0
BRDA:56,5,0,0
BRDA:56,5,1,0
BRDA:126,6,0,0
BRDA:126,6,1,0
BRDA:144,7,0,0
BRDA:147,8,0,0
BRDA:147,8,1,0
BRDA:149,9,0,0
BRDA:149,9,1,0
BRDA:149,9,2,0
BRDA:151,10,0,0
BRDA:151,10,1,0
BRDA:151,10,2,0
BRF:21
BRH:0
end_of_record
TN:
SF:src\lib\fields\ArrayField.tsx
FN:58,(anonymous_0)
FN:66,(anonymous_1)
FN:69,(anonymous_2)
FN:73,(anonymous_3)
FN:77,(anonymous_4)
FN:80,(anonymous_5)
FN:83,(anonymous_6)
FN:86,(anonymous_7)
FN:96,(anonymous_8)
FN:103,(anonymous_9)
FN:110,(anonymous_10)
FN:117,(anonymous_11)
FN:131,(anonymous_12)
FN:135,(anonymous_13)
FN:148,(anonymous_14)
FN:155,(anonymous_15)
FN:162,(anonymous_16)
FN:171,(anonymous_17)
FN:184,(anonymous_18)
FN:197,(anonymous_19)
FN:210,(anonymous_20)
FN:221,(anonymous_21)
FN:227,(anonymous_22)
FN:236,(anonymous_23)
FN:247,(anonymous_24)
FN:263,(anonymous_25)
FNF:26
FNH:16
FNDA:6,(anonymous_0)
FNDA:6,(anonymous_1)
FNDA:6,(anonymous_2)
FNDA:9,(anonymous_3)
FNDA:0,(anonymous_4)
FNDA:0,(anonymous_5)
FNDA:0,(anonymous_6)
FNDA:1,(anonymous_7)
FNDA:9,(anonymous_8)
FNDA:9,(anonymous_9)
FNDA:9,(anonymous_10)
FNDA:9,(anonymous_11)
FNDA:6,(anonymous_12)
FNDA:0,(anonymous_13)
FNDA:0,(anonymous_14)
FNDA:0,(anonymous_15)
FNDA:0,(anonymous_16)
FNDA:1,(anonymous_17)
FNDA:7,(anonymous_18)
FNDA:2,(anonymous_19)
FNDA:0,(anonymous_20)
FNDA:9,(anonymous_21)
FNDA:9,(anonymous_22)
FNDA:0,(anonymous_23)
FNDA:12,(anonymous_24)
FNDA:0,(anonymous_25)
DA:1,4
DA:2,4
DA:9,4
DA:10,4
DA:11,4
DA:12,4
DA:34,4
DA:59,6
DA:62,6
DA:64,0
DA:66,6
DA:67,6
DA:69,6
DA:70,6
DA:73,6
DA:74,9
DA:75,9
DA:76,9
DA:77,9
DA:78,0
DA:80,9
DA:81,0
DA:83,9
DA:84,0
DA:86,9
DA:87,1
DA:89,9
DA:96,9
DA:103,9
DA:110,9
DA:117,9
DA:128,4
DA:133,6
DA:135,6
DA:136,0
DA:139,0
DA:140,0
DA:142,0
DA:144,0
DA:148,6
DA:149,0
DA:150,0
DA:151,0
DA:152,0
DA:155,6
DA:156,0
DA:157,0
DA:158,0
DA:159,0
DA:162,6
DA:163,0
DA:164,0
DA:165,0
DA:166,0
DA:167,0
DA:168,0
DA:171,6
DA:172,1
DA:173,1
DA:174,1
DA:175,1
DA:176,1
DA:177,1
DA:180,6
DA:181,6
DA:182,6
DA:184,6
DA:185,7
DA:187,7
DA:188,7
DA:189,7
DA:190,7
DA:191,7
DA:192,7
DA:193,7
DA:194,7
DA:197,1
DA:198,2
DA:199,2
DA:202,2
DA:211,0
DA:219,3
DA:221,9
DA:227,9
DA:237,0
DA:245,3
DA:246,3
DA:247,12
DA:251,3
DA:257,3
DA:264,0
LF:91
LH:65
BRDA:67,0,0,6
BRDA:67,0,1,0
BRDA:70,1,0,6
BRDA:70,1,1,0
BRDA:91,2,0,9
BRDA:91,2,1,9
BRDA:139,3,0,0
BRDA:139,3,1,0
BRDA:142,4,0,0
BRDA:142,4,1,0
BRDA:150,5,0,0
BRDA:150,5,1,0
BRDA:157,6,0,0
BRDA:157,6,1,0
BRDA:163,7,0,0
BRDA:165,8,0,0
BRDA:165,8,1,0
BRDA:173,9,0,1
BRDA:173,9,1,0
BRDA:174,10,0,0
BRDA:192,11,0,7
BRDA:192,11,1,7
BRDA:194,12,0,6
BRDA:194,12,1,1
BRDA:199,13,0,0
BRDA:199,13,1,2
BRDA:200,14,0,0
BRDA:200,14,1,0
BRDA:201,15,0,2
BRDA:201,15,1,2
BRDA:209,16,0,2
BRDA:209,16,1,2
BRDA:219,17,0,3
BRDA:219,17,1,0
BRDA:235,18,0,9
BRDA:235,18,1,9
BRDA:239,19,0,9
BRDA:239,19,1,9
BRDA:251,20,0,1
BRDA:251,20,1,2
BRDA:253,21,0,1
BRDA:253,21,1,1
BRDA:259,22,0,3
BRDA:259,22,1,3
BRDA:266,23,0,3
BRDA:266,23,1,3
BRDA:267,24,0,3
BRDA:267,24,1,0
BRF:48
BRH:28
end_of_record
TN:
SF:src\lib\fields\BooleanField.tsx
FN:7,(anonymous_0)
FN:9,(anonymous_1)
FN:13,(anonymous_2)
FNF:3
FNH:3
FNDA:2,(anonymous_0)
FNDA:3,(anonymous_1)
FNDA:3,(anonymous_2)
DA:1,4
DA:2,4
DA:3,4
DA:4,4
DA:9,2
DA:10,3
DA:11,3
DA:13,2
DA:15,3
DA:16,3
DA:17,3
LF:11
LH:11
BRDA:22,0,0,3
BRDA:22,0,1,3
BRDA:24,1,0,3
BRDA:24,1,1,0
BRF:4
BRH:3
end_of_record
TN:
SF:src\lib\fields\IntegerField.tsx
FN:8,(anonymous_0)
FN:10,(anonymous_1)
FN:14,(anonymous_2)
FN:17,(anonymous_3)
FNF:4
FNH:3
FNDA:2,(anonymous_0)
FNDA:3,(anonymous_1)
FNDA:0,(anonymous_2)
FNDA:3,(anonymous_3)
DA:1,4
DA:2,4
DA:3,4
DA:5,4
DA:10,2
DA:11,3
DA:12,3
DA:14,2
DA:15,0
DA:17,2
DA:18,3
DA:19,3
DA:20,3
LF:13
LH:12
BRDA:25,0,0,3
BRDA:25,0,1,3
BRDA:27,1,0,3
BRDA:27,1,1,0
BRF:4
BRH:3
end_of_record
TN:
SF:src\lib\fields\MultiSchemaField.tsx
FN:17,(anonymous_0)
FN:22,(anonymous_1)
FN:32,(anonymous_2)
FN:43,(anonymous_3)
FN:49,(anonymous_4)
FN:55,(anonymous_5)
FN:58,(anonymous_6)
FNF:7
FNH:6
FNDA:2,(anonymous_0)
FNDA:2,(anonymous_1)
FNDA:2,(anonymous_2)
FNDA:2,(anonymous_3)
FNDA:4,(anonymous_4)
FNDA:0,(anonymous_5)
FNDA:2,(anonymous_6)
DA:1,4
DA:10,4
DA:11,4
DA:12,4
DA:13,4
DA:14,4
DA:20,2
DA:21,2
DA:22,2
DA:23,2
DA:25,1
DA:27,1
DA:32,2
DA:33,2
DA:35,2
DA:39,0
DA:43,2
DA:44,2
DA:45,2
DA:49,4
DA:54,2
DA:55,2
DA:56,0
DA:58,2
DA:60,2
DA:62,2
DA:63,2
DA:65,2
DA:66,2
DA:67,2
LF:30
LH:28
BRDA:20,0,0,2
BRDA:20,0,1,0
BRDA:27,1,0,0
BRDA:27,1,1,1
BRDA:33,2,0,2
BRDA:33,2,1,0
BRDA:35,3,0,0
BRDA:35,3,1,2
BRDA:50,4,0,4
BRDA:50,4,1,4
BRDA:73,5,0,2
BRDA:73,5,1,2
BRDA:76,6,0,2
BRDA:76,6,1,0
BRDA:78,7,0,2
BRDA:78,7,1,2
BRF:16
BRH:11
end_of_record
TN:
SF:src\lib\fields\NumberField.tsx
FN:8,(anonymous_0)
FN:10,(anonymous_1)
FN:14,(anonymous_2)
FN:17,(anonymous_3)
FNF:4
FNH:3
FNDA:8,(anonymous_0)
FNDA:13,(anonymous_1)
FNDA:0,(anonymous_2)
FNDA:13,(anonymous_3)
DA:1,4
DA:2,4
DA:3,4
DA:5,4
DA:10,8
DA:11,13
DA:12,13
DA:14,8
DA:15,0
DA:17,8
DA:18,13
DA:19,13
DA:20,13
LF:13
LH:12
BRDA:25,0,0,13
BRDA:25,0,1,13
BRDA:27,1,0,13
BRDA:27,1,1,0
BRF:4
BRH:3
end_of_record
TN:
SF:src\lib\fields\ObjectField.tsx
FN:28,(anonymous_0)
FN:33,(anonymous_1)
FN:43,(anonymous_2)
FN:74,(anonymous_3)
FN:81,(anonymous_4)
FN:86,(anonymous_5)
FNF:6
FNH:6
FNDA:7,(anonymous_0)
FNDA:2,(anonymous_1)
FNDA:9,(anonymous_2)
FNDA:21,(anonymous_3)
FNDA:2,(anonymous_4)
FNDA:20,(anonymous_5)
DA:1,4
DA:2,4
DA:3,4
DA:4,4
DA:5,4
DA:7,4
DA:25,4
DA:31,7
DA:32,7
DA:33,7
DA:34,2
DA:36,0
DA:38,2
DA:40,2
DA:43,7
DA:44,9
DA:46,9
DA:55,9
DA:56,9
DA:59,9
DA:62,9
DA:64,9
DA:75,21
DA:81,2
DA:86,20
LF:25
LH:24
BRDA:34,0,0,2
BRDA:34,0,1,0
BRDA:56,1,0,9
BRDA:56,1,1,0
BRDA:59,2,0,9
BRDA:59,2,1,0
BRDA:59,3,0,4
BRDA:59,3,1,5
BRDA:62,4,0,6
BRDA:62,4,1,3
BRDA:68,5,0,4
BRDA:68,5,1,5
BRDA:71,6,0,9
BRDA:71,6,1,9
BRDA:82,7,0,21
BRDA:82,7,1,21
BRDA:84,8,0,0
BRDA:84,8,1,21
BRDA:84,9,0,0
BRDA:84,9,1,0
BRF:20
BRH:14
end_of_record
TN:
SF:src\lib\fields\StringField.tsx
FN:7,(anonymous_0)
FN:9,(anonymous_1)
FN:14,(anonymous_2)
FNF:3
FNH:3
FNDA:10,(anonymous_0)
FNDA:12,(anonymous_1)
FNDA:12,(anonymous_2)
DA:1,4
DA:2,4
DA:3,4
DA:4,4
DA:9,10
DA:10,12
DA:11,12
DA:14,10
DA:15,12
DA:17,12
DA:19,12
LF:11
LH:11
BRDA:24,0,0,12
BRDA:24,0,1,12
BRDA:26,1,0,12
BRDA:26,1,1,0
BRF:4
BRH:3
end_of_record
TN:
SF:src\lib\theme-default\BtnWrapper.tsx
FN:5,(anonymous_0)
FN:7,(anonymous_1)
FN:8,(anonymous_2)
FNF:3
FNH:3
FNDA:24,(anonymous_0)
FNDA:36,(anonymous_1)
FNDA:36,(anonymous_2)
DA:1,4
DA:2,4
DA:7,24
DA:8,72
LF:4
LH:4
BRDA:8,0,0,36
BRDA:8,0,1,36
BRF:2
BRH:2
end_of_record
TN:
SF:src\lib\theme-default\FormItem.tsx
FN:19,createFormItem
FN:23,(anonymous_1)
FN:25,(anonymous_2)
FN:31,(anonymous_3)
FN:37,(anonymous_4)
FN:49,(anonymous_5)
FN:50,(anonymous_6)
FN:52,(anonymous_7)
FNF:8
FNH:7
FNDA:28,createFormItem
FNDA:27,(anonymous_1)
FNDA:36,(anonymous_2)
FNDA:36,(anonymous_3)
FNDA:0,(anonymous_4)
FNDA:27,(anonymous_5)
FNDA:36,(anonymous_6)
FNDA:36,(anonymous_7)
DA:1,4
DA:2,4
DA:3,4
DA:4,4
DA:19,4
DA:20,28
DA:24,27
DA:25,27
DA:26,36
DA:28,36
DA:29,36
DA:31,36
DA:37,0
DA:46,28
DA:50,27
DA:51,36
DA:52,36
LF:17
LH:16
BRDA:33,0,0,36
BRDA:33,0,1,36
BRF:2
BRH:2
end_of_record
TN:
SF:src\lib\theme-default\FormWrapper.tsx
FN:6,(anonymous_0)
FN:8,(anonymous_1)
FN:10,(anonymous_2)
FN:11,(anonymous_3)
FNF:4
FNH:4
FNDA:12,(anonymous_0)
FNDA:13,(anonymous_1)
FNDA:13,(anonymous_2)
FNDA:13,(anonymous_3)
DA:1,4
DA:2,4
DA:3,4
DA:8,12
DA:9,13
DA:10,13
DA:11,13
LF:7
LH:7
BRDA:12,0,0,13
BRDA:12,0,1,13
BRF:2
BRH:2
end_of_record
TN:
SF:src\lib\theme-default\index.scss
FNF:0
FNH:0
DA:1,4
LF:1
LH:1
BRF:0
BRH:0
end_of_record
TN:
SF:src\lib\theme-default\index.tsx
FNF:0
FNH:0
DA:1,4
DA:2,4
DA:3,4
DA:4,4
DA:5,4
DA:6,4
DA:7,4
DA:8,4
DA:9,4
DA:10,4
LF:10
LH:10
BRF:0
BRH:0
end_of_record
TN:
SF:src\lib\theme-default\Widgets\BooleanWidget.tsx
FN:8,(anonymous_0)
FN:11,(anonymous_1)
FN:18,(anonymous_2)
FN:21,(anonymous_3)
FN:30,(anonymous_4)
FN:31,(anonymous_5)
FNF:6
FNH:3
FNDA:2,(anonymous_0)
FNDA:0,(anonymous_1)
FNDA:2,(anonymous_2)
FNDA:0,(anonymous_3)
FNDA:3,(anonymous_4)
FNDA:0,(anonymous_5)
DA:1,4
DA:2,4
DA:3,4
DA:4,4
DA:10,2
DA:11,2
DA:13,0
DA:17,2
DA:19,2
DA:23,0
DA:30,2
DA:31,3
LF:12
LH:10
BRDA:10,0,0,2
BRDA:10,0,1,2
BRF:2
BRH:2
end_of_record
TN:
SF:src\lib\theme-default\Widgets\CheckboxWidget.tsx
FN:8,(anonymous_0)
FN:11,(anonymous_1)
FN:28,(anonymous_2)
FN:31,(anonymous_3)
FN:40,(anonymous_4)
FN:44,(anonymous_5)
FN:45,(anonymous_7)
FNF:7
FNH:5
FNDA:1,(anonymous_0)
FNDA:0,(anonymous_1)
FNDA:1,(anonymous_2)
FNDA:0,(anonymous_3)
FNDA:1,(anonymous_4)
FNDA:1,(anonymous_5)
FNDA:4,(anonymous_7)
DA:1,4
DA:2,4
DA:3,4
DA:4,4
DA:9,1
DA:11,1
DA:13,0
DA:27,1
DA:29,1
DA:33,0
DA:40,1
DA:41,1
DA:43,1
DA:44,1
DA:46,4
LF:15
LH:13
BRDA:9,0,0,1
BRDA:9,0,1,0
BRF:2
BRH:1
end_of_record
TN:
SF:src\lib\theme-default\Widgets\IntegerWidget.tsx
FN:8,(anonymous_0)
FN:10,(anonymous_1)
FN:20,(anonymous_2)
FN:25,(anonymous_3)
FNF:4
FNH:2
FNDA:2,(anonymous_0)
FNDA:0,(anonymous_1)
FNDA:3,(anonymous_2)
FNDA:0,(anonymous_3)
DA:1,4
DA:2,4
DA:3,4
DA:4,4
DA:10,2
DA:11,0
DA:12,0
DA:14,0
DA:16,0
DA:20,2
DA:23,3
DA:24,3
DA:25,0
LF:13
LH:8
BRF:0
BRH:0
end_of_record
TN:
SF:src\lib\theme-default\Widgets\NumberWidget.tsx
FN:8,(anonymous_0)
FN:10,(anonymous_1)
FN:20,(anonymous_2)
FN:26,(anonymous_3)
FNF:4
FNH:2
FNDA:8,(anonymous_0)
FNDA:0,(anonymous_1)
FNDA:13,(anonymous_2)
FNDA:0,(anonymous_3)
DA:1,4
DA:2,4
DA:3,4
DA:4,4
DA:10,8
DA:11,0
DA:12,0
DA:14,0
DA:16,0
DA:20,8
DA:23,13
DA:24,13
DA:26,0
LF:13
LH:8
BRF:0
BRH:0
end_of_record
TN:
SF:src\lib\theme-default\Widgets\RadioWidget.tsx
FN:8,(anonymous_0)
FN:10,(anonymous_1)
FN:17,(anonymous_2)
FN:20,(anonymous_3)
FN:27,(anonymous_4)
FN:32,(anonymous_5)
FN:33,(anonymous_7)
FN:34,(anonymous_8)
FNF:8
FNH:6
FNDA:1,(anonymous_0)
FNDA:0,(anonymous_1)
FNDA:1,(anonymous_2)
FNDA:0,(anonymous_3)
FNDA:1,(anonymous_4)
FNDA:1,(anonymous_5)
FNDA:3,(anonymous_7)
FNDA:3,(anonymous_8)
DA:1,4
DA:2,4
DA:3,4
DA:4,4
DA:9,1
DA:10,1
DA:12,0
DA:16,1
DA:18,1
DA:22,0
DA:27,1
DA:28,1
DA:29,1
DA:31,1
DA:32,1
DA:34,3
LF:16
LH:14
BRDA:9,0,0,1
BRDA:9,0,1,0
BRF:2
BRH:1
end_of_record
TN:
SF:src\lib\theme-default\Widgets\SelectWidget.tsx
FN:8,(anonymous_0)
FN:11,(anonymous_1)
FN:18,(anonymous_2)
FN:21,(anonymous_3)
FN:30,(anonymous_4)
FN:34,(anonymous_5)
FN:35,(anonymous_7)
FNF:7
FNH:5
FNDA:3,(anonymous_0)
FNDA:0,(anonymous_1)
FNDA:3,(anonymous_2)
FNDA:0,(anonymous_3)
FNDA:3,(anonymous_4)
FNDA:3,(anonymous_5)
FNDA:9,(anonymous_7)
DA:1,4
DA:2,4
DA:3,4
DA:4,4
DA:10,3
DA:11,3
DA:13,0
DA:17,3
DA:19,3
DA:23,0
DA:30,3
DA:31,3
DA:33,3
DA:34,3
DA:36,9
LF:15
LH:13
BRF:0
BRH:0
end_of_record
TN:
SF:src\lib\theme-default\Widgets\TextWidget.tsx
FN:8,(anonymous_0)
FN:10,(anonymous_1)
FN:14,(anonymous_2)
FN:20,(anonymous_3)
FNF:4
FNH:2
FNDA:10,(anonymous_0)
FNDA:0,(anonymous_1)
FNDA:12,(anonymous_2)
FNDA:0,(anonymous_3)
DA:1,4
DA:2,4
DA:3,4
DA:4,4
DA:10,10
DA:11,0
DA:14,10
DA:17,12
DA:18,12
DA:20,0
LF:10
LH:8
BRF:0
BRH:0
end_of_record
TN:
SF:tests\unit\TestComponent.tsx
FN:7,(anonymous_1)
FN:9,(anonymous_2)
FN:11,(anonymous_3)
FN:34,(anonymous_4)
FN:36,(anonymous_5)
FN:37,valideForm
FN:38,(anonymous_7)
FN:42,(anonymous_8)
FNF:8
FNH:6
FNDA:12,(anonymous_1)
FNDA:13,(anonymous_2)
FNDA:13,(anonymous_3)
FNDA:12,(anonymous_4)
FNDA:13,(anonymous_5)
FNDA:0,valideForm
FNDA:0,(anonymous_7)
FNDA:13,(anonymous_8)
DA:1,4
DA:2,4
DA:3,4
DA:4,4
DA:6,4
DA:9,12
DA:10,13
DA:11,13
DA:19,4
DA:35,12
DA:36,12
DA:38,0
DA:39,0
DA:42,26
LF:14
LH:12
BRDA:12,0,0,13
BRDA:12,0,1,13
BRF:2
BRH:2
end_of_record
